[2018-09-22 22:36:31]	 Added art file 'Civ6: cb2f71b7-843e-4af3-9ca7-992acda9c195' to the ArtDefProvider.
[2018-09-22 22:36:31]	 **** IssueAllLoads ****
[2018-09-22 22:36:31]	 Loading Package: E:/steam/steamapps/common/Sid Meier's Civilization VI/Base/Platforms/Windows/BLPs/UI/UI_Civilopedia.blp
[2018-09-22 22:36:31]	 Loading Package: E:/steam/steamapps/common/Sid Meier's Civilization VI/Base/Platforms/Windows/BLPs/UI/UI_Controls.blp
[2018-09-22 22:36:31]	 Loading Package: E:/steam/steamapps/common/Sid Meier's Civilization VI/Base/Platforms/Windows/BLPs/UI/UI_Diplomacy.blp
[2018-09-22 22:36:31]	 Loading Package: E:/steam/steamapps/common/Sid Meier's Civilization VI/Base/Platforms/Windows/BLPs/UI/UI_EndGame.blp
[2018-09-22 22:36:31]	 Loading Package: E:/steam/steamapps/common/Sid Meier's Civilization VI/Base/Platforms/Windows/BLPs/UI/UI_Government.blp
[2018-09-22 22:36:31]	 Loading Package: E:/steam/steamapps/common/Sid Meier's Civilization VI/Base/Platforms/Windows/BLPs/UI/UI_GreatWorksArt.blp
[2018-09-22 22:36:31]	 Loading Package: E:/steam/steamapps/common/Sid Meier's Civilization VI/Base/Platforms/Windows/BLPs/UI/UI_HalfScreen.blp
[2018-09-22 22:36:31]	 Loading Package: E:/steam/steamapps/common/Sid Meier's Civilization VI/Base/Platforms/Windows/BLPs/UI/UI_HUD.blp
[2018-09-22 22:36:31]	 Loading Package: E:/steam/steamapps/common/Sid Meier's Civilization VI/Base/Platforms/Windows/BLPs/UI/UI_Leaders.blp
[2018-09-22 22:36:31]	 Loading Package: E:/steam/steamapps/common/Sid Meier's Civilization VI/Base/Platforms/Windows/BLPs/UI_LeaderScenes.blp
[2018-09-22 22:36:31]	 Loading Package: E:/steam/steamapps/common/Sid Meier's Civilization VI/Base/Platforms/Windows/BLPs/UI/UI_Religion.blp
[2018-09-22 22:36:31]	 Loading Package: E:/steam/steamapps/common/Sid Meier's Civilization VI/Base/Platforms/Windows/BLPs/UI/UI_Screens.blp
[2018-09-22 22:36:31]	 Loading Package: E:/steam/steamapps/common/Sid Meier's Civilization VI/Base/Platforms/Windows/BLPs/UI/UI_Shell.blp
[2018-09-22 22:36:31]	 Loading Package: E:/steam/steamapps/common/Sid Meier's Civilization VI/Base/Platforms/Windows/BLPs/UI/UI_Tree.blp
[2018-09-22 22:36:31]	 Loading Package: E:/steam/steamapps/common/Sid Meier's Civilization VI/Base/Platforms/Windows/BLPs/UI/UI_TreeBG.blp
[2018-09-22 22:36:31]	 Loading Package: E:/steam/steamapps/common/Sid Meier's Civilization VI/Base/Platforms/Windows/BLPs/UI/UI_Tutorial.blp
[2018-09-22 22:36:31]	 Loading Package: E:/steam/steamapps/common/Sid Meier's Civilization VI/Base/Platforms/Windows/BLPs/UI/AdvisorTutorial.blp
[2018-09-22 22:36:31]	 Loading Package: E:/steam/steamapps/common/Sid Meier's Civilization VI/Base/Platforms/Windows/BLPs/UI/Icons.blp
[2018-09-22 22:36:31]	 Loading Package: E:/steam/steamapps/common/Sid Meier's Civilization VI/Base/Platforms/Windows/BLPs/UI/InWorld.blp
[2018-09-22 22:36:31]	 Loading Package: E:/steam/steamapps/common/Sid Meier's Civilization VI/Base/Platforms/Windows/BLPs/UI/Shell_Loading.blp
[2018-09-22 22:36:31]	 Loading Package: E:/steam/steamapps/common/Sid Meier's Civilization VI/Base/Platforms/Windows/BLPs/UI/UITest.blp
[2018-09-22 22:36:31]	 Loading Package: E:/steam/steamapps/common/Sid Meier's Civilization VI/Base/Platforms/Windows/BLPs/UI/UI_Icons_Overflow.blp
[2018-09-22 22:36:32]	 Loading library UITexture  took 393.30ms
[2018-09-22 22:36:32]	 Consumer 'UI' configured in 0 ms!
[2018-09-22 22:36:32]	 Notified all changed consumer listeners.
[2018-09-22 22:36:38]	 Added art file 'DLC6: 4fd22d21-5ec7-4ce9-aca6-8d8b623e5a82' to the ArtDefProvider.
[2018-09-22 22:36:38]	 Added art file 'DLC5: 754001af-1b3f-43a5-8138-8fb13e2bf173' to the ArtDefProvider.
[2018-09-22 22:36:38]	 Unable to resolve Package '.blp' from Project 'DLC5'
[2018-09-22 22:36:38]	 Added art file 'DLC4: d5642886-43d5-4ce9-9465-3a47b5c70096' to the ArtDefProvider.
[2018-09-22 22:36:38]	 Added art file 'DLC3: 9872e05b-8772-4e1f-a001-54b69e8d3648' to the ArtDefProvider.
[2018-09-22 22:36:38]	 Added art file 'Expansion1: 7446c8fe-29eb-44f8-801f-098f681cc5c5' to the ArtDefProvider.
[2018-09-22 22:36:38]	 Added art file 'DLC2: 3809975F-263F-40A2-A747-8BFB171D821A' to the ArtDefProvider.
[2018-09-22 22:36:38]	 **** IssueAllLoads ****
[2018-09-22 22:36:38]	 Consumer 'UI' has been marked because one of the libraries that it depends on has changed.
[2018-09-22 22:36:38]	 Skipped Loading Package: E:/steam/steamapps/common/Sid Meier's Civilization VI/Base/Platforms/Windows/BLPs/UI/UI_Civilopedia.blp (already loaded)
[2018-09-22 22:36:38]	 Skipped Loading Package: E:/steam/steamapps/common/Sid Meier's Civilization VI/Base/Platforms/Windows/BLPs/UI/UI_Controls.blp (already loaded)
[2018-09-22 22:36:38]	 Skipped Loading Package: E:/steam/steamapps/common/Sid Meier's Civilization VI/Base/Platforms/Windows/BLPs/UI/UI_Diplomacy.blp (already loaded)
[2018-09-22 22:36:38]	 Skipped Loading Package: E:/steam/steamapps/common/Sid Meier's Civilization VI/Base/Platforms/Windows/BLPs/UI/UI_EndGame.blp (already loaded)
[2018-09-22 22:36:38]	 Skipped Loading Package: E:/steam/steamapps/common/Sid Meier's Civilization VI/Base/Platforms/Windows/BLPs/UI/UI_Government.blp (already loaded)
[2018-09-22 22:36:38]	 Skipped Loading Package: E:/steam/steamapps/common/Sid Meier's Civilization VI/Base/Platforms/Windows/BLPs/UI/UI_GreatWorksArt.blp (already loaded)
[2018-09-22 22:36:38]	 Skipped Loading Package: E:/steam/steamapps/common/Sid Meier's Civilization VI/Base/Platforms/Windows/BLPs/UI/UI_HalfScreen.blp (already loaded)
[2018-09-22 22:36:38]	 Skipped Loading Package: E:/steam/steamapps/common/Sid Meier's Civilization VI/Base/Platforms/Windows/BLPs/UI/UI_HUD.blp (already loaded)
[2018-09-22 22:36:38]	 Skipped Loading Package: E:/steam/steamapps/common/Sid Meier's Civilization VI/Base/Platforms/Windows/BLPs/UI/UI_Leaders.blp (already loaded)
[2018-09-22 22:36:38]	 Skipped Loading Package: E:/steam/steamapps/common/Sid Meier's Civilization VI/Base/Platforms/Windows/BLPs/UI_LeaderScenes.blp (already loaded)
[2018-09-22 22:36:38]	 Skipped Loading Package: E:/steam/steamapps/common/Sid Meier's Civilization VI/Base/Platforms/Windows/BLPs/UI/UI_Religion.blp (already loaded)
[2018-09-22 22:36:38]	 Skipped Loading Package: E:/steam/steamapps/common/Sid Meier's Civilization VI/Base/Platforms/Windows/BLPs/UI/UI_Screens.blp (already loaded)
[2018-09-22 22:36:38]	 Skipped Loading Package: E:/steam/steamapps/common/Sid Meier's Civilization VI/Base/Platforms/Windows/BLPs/UI/UI_Shell.blp (already loaded)
[2018-09-22 22:36:38]	 Skipped Loading Package: E:/steam/steamapps/common/Sid Meier's Civilization VI/Base/Platforms/Windows/BLPs/UI/UI_Tree.blp (already loaded)
[2018-09-22 22:36:38]	 Skipped Loading Package: E:/steam/steamapps/common/Sid Meier's Civilization VI/Base/Platforms/Windows/BLPs/UI/UI_TreeBG.blp (already loaded)
[2018-09-22 22:36:38]	 Skipped Loading Package: E:/steam/steamapps/common/Sid Meier's Civilization VI/Base/Platforms/Windows/BLPs/UI/UI_Tutorial.blp (already loaded)
[2018-09-22 22:36:38]	 Skipped Loading Package: E:/steam/steamapps/common/Sid Meier's Civilization VI/Base/Platforms/Windows/BLPs/UI/AdvisorTutorial.blp (already loaded)
[2018-09-22 22:36:38]	 Skipped Loading Package: E:/steam/steamapps/common/Sid Meier's Civilization VI/Base/Platforms/Windows/BLPs/UI/Icons.blp (already loaded)
[2018-09-22 22:36:38]	 Skipped Loading Package: E:/steam/steamapps/common/Sid Meier's Civilization VI/Base/Platforms/Windows/BLPs/UI/InWorld.blp (already loaded)
[2018-09-22 22:36:38]	 Skipped Loading Package: E:/steam/steamapps/common/Sid Meier's Civilization VI/Base/Platforms/Windows/BLPs/UI/Shell_Loading.blp (already loaded)
[2018-09-22 22:36:38]	 Skipped Loading Package: E:/steam/steamapps/common/Sid Meier's Civilization VI/Base/Platforms/Windows/BLPs/UI/UITest.blp (already loaded)
[2018-09-22 22:36:38]	 Skipped Loading Package: E:/steam/steamapps/common/Sid Meier's Civilization VI/Base/Platforms/Windows/BLPs/UI/UI_Icons_Overflow.blp (already loaded)
[2018-09-22 22:36:38]	 Loading Package: ../../../DLC/Indonesia_Khmer/Platforms/Windows/BLPs/UI/UI_Leaders.blp
[2018-09-22 22:36:38]	 Loading Package: ../../../DLC/Indonesia_Khmer/Platforms/Windows/BLPs/UI_LeaderScenes.blp
[2018-09-22 22:36:38]	 Loading Package: ../../../DLC/Indonesia_Khmer/Platforms/Windows/BLPs/UI/Icons.blp
[2018-09-22 22:36:38]	 Loading Package: ../../../DLC/Indonesia_Khmer/Platforms/Windows/BLPs/UI/Shell_Loading.blp
[2018-09-22 22:36:38]	 Loading Package: ../../../DLC/Nubia_Amanitore/Platforms/Windows/BLPs/UI/UI_Leaders.blp
[2018-09-22 22:36:38]	 Loading Package: ../../../DLC/Nubia_Amanitore/Platforms/Windows/BLPs/UI_LeaderScenes.blp
[2018-09-22 22:36:38]	 Loading Package: ../../../DLC/Nubia_Amanitore/Platforms/Windows/BLPs/UI/Icons.blp
[2018-09-22 22:36:38]	 Loading Package: ../../../DLC/Nubia_Amanitore/Platforms/Windows/BLPs/UI/Shell_Loading.blp
[2018-09-22 22:36:38]	 Loading Package: ../../../DLC/Macedonia_Persia/Platforms/Windows/BLPs/UI_LeaderScenes.blp
[2018-09-22 22:36:38]	 Loading Package: ../../../DLC/Macedonia_Persia/Platforms/Windows/BLPs/UI/UI_Shell.blp
[2018-09-22 22:36:38]	 Loading Package: ../../../DLC/Macedonia_Persia/Platforms/Windows/BLPs/UI/Icons.blp
[2018-09-22 22:36:38]	 Loading Package: ../../../DLC/Macedonia_Persia/Platforms/Windows/BLPs/UI/Shell_Loading.blp
[2018-09-22 22:36:38]	 Loading Package: ../../../DLC/Macedonia_Persia/Platforms/Windows/BLPs/UI/UILeaders.blp
[2018-09-22 22:36:38]	 Loading Package: ../../../DLC/Australia/Platforms/Windows/BLPs/UI/UI_Government.blp
[2018-09-22 22:36:38]	 Loading Package: ../../../DLC/Australia/Platforms/Windows/BLPs/UI/UI_Leaders.blp
[2018-09-22 22:36:38]	 Loading Package: ../../../DLC/Australia/Platforms/Windows/BLPs/UI_LeaderScenes.blp
[2018-09-22 22:36:38]	 Loading Package: ../../../DLC/Australia/Platforms/Windows/BLPs/UI/Icons.blp
[2018-09-22 22:36:38]	 Loading Package: ../../../DLC/Australia/Platforms/Windows/BLPs/UI/Shell_Loading.blp
[2018-09-22 22:36:38]	 Loading Package: ../../../DLC/Expansion1/Platforms/Windows/BLPs/UI/UI_Civilopedia.blp
[2018-09-22 22:36:38]	 Loading Package: ../../../DLC/Expansion1/Platforms/Windows/BLPs/UI/UI_Controls.blp
[2018-09-22 22:36:38]	 Loading Package: ../../../DLC/Expansion1/Platforms/Windows/BLPs/UI/UI_Government.blp
[2018-09-22 22:36:38]	 Loading Package: ../../../DLC/Expansion1/Platforms/Windows/BLPs/UI/UI_HUD.blp
[2018-09-22 22:36:38]	 Loading Package: ../../../DLC/Expansion1/Platforms/Windows/BLPs/UI/UI_Leaders.blp
[2018-09-22 22:36:38]	 Loading Package: ../../../DLC/Expansion1/Platforms/Windows/BLPs/UI_LeaderScenes.blp
[2018-09-22 22:36:38]	 Loading Package: ../../../DLC/Expansion1/Platforms/Windows/BLPs/UI/UI_Shell.blp
[2018-09-22 22:36:38]	 Loading Package: ../../../DLC/Expansion1/Platforms/Windows/BLPs/UI/UI_Tree.blp
[2018-09-22 22:36:38]	 Loading Package: ../../../DLC/Expansion1/Platforms/Windows/BLPs/UI/Icons.blp
[2018-09-22 22:36:38]	 Loading Package: ../../../DLC/Expansion1/Platforms/Windows/BLPs/UI/InWorld.blp
[2018-09-22 22:36:38]	 Loading Package: ../../../DLC/Expansion1/Platforms/Windows/BLPs/UI/Shell_Loading.blp
[2018-09-22 22:36:38]	 Loading Package: ../../../DLC/Expansion1/Platforms/Windows/BLPs/UI/PrideMoments.blp
[2018-09-22 22:36:38]	 Loading Package: ../../../DLC/Expansion1/Platforms/Windows/BLPs/UI/Governors.blp
[2018-09-22 22:36:38]	 Loading Package: ../../../DLC/Expansion1/Platforms/Windows/BLPs/UI/Historian.blp
[2018-09-22 22:36:38]	 Loading Package: ../../../DLC/Expansion1/Platforms/Windows/BLPs/UI/UI_Eras.blp
[2018-09-22 22:36:38]	 Loading Package: ../../../DLC/Expansion1/Platforms/Windows/BLPs/UI/UI_Identity.blp
[2018-09-22 22:36:38]	 Loading Package: ../../../DLC/Expansion1/Platforms/Windows/BLPs/UI/UI_Emergencies.blp
[2018-09-22 22:36:38]	 Loading Package: ../../../DLC/Expansion1/Platforms/Windows/BLPs/UI/UI_Ages.blp
[2018-09-22 22:36:38]	 Loading Package: ../../../DLC/Poland_Jadwiga/Platforms/Windows/BLPs/UI/UI_Leaders.blp
[2018-09-22 22:36:38]	 Loading Package: ../../../DLC/Poland_Jadwiga/Platforms/Windows/BLPs/UI_LeaderScenes.blp
[2018-09-22 22:36:38]	 Loading Package: ../../../DLC/Poland_Jadwiga/Platforms/Windows/BLPs/UI/Icons.blp
[2018-09-22 22:36:38]	 Loading Package: ../../../DLC/Poland_Jadwiga/Platforms/Windows/BLPs/UI/Shell_Loading.blp
[2018-09-22 22:36:38]	 Loading library UITexture  took 222.23ms
[2018-09-22 22:36:38]	 Consumer 'UI' configured in 0 ms!
[2018-09-22 22:36:38]	 Notified all changed consumer listeners.
[2018-09-22 22:36:39]	 **** IssueAllLoads ****
[2018-09-22 22:36:39]	 Loading Package: E:/steam/steamapps/common/Sid Meier's Civilization VI/Base/Platforms/Windows/BLPs/LeaderFallbackImages.blp
[2018-09-22 22:36:39]	 Loading Package: ../../../DLC/Indonesia_Khmer/Platforms/Windows/BLPs/LeaderFallbackImages.blp
[2018-09-22 22:36:39]	 Loading Package: ../../../DLC/Nubia_Amanitore/Platforms/Windows/BLPs/LeaderFallbackImages.blp
[2018-09-22 22:36:39]	 Loading Package: ../../../DLC/Macedonia_Persia/Platforms/Windows/BLPs/LeaderFallbackImages.blp
[2018-09-22 22:36:39]	 Loading Package: ../../../DLC/Australia/Platforms/Windows/BLPs/LeaderFallbackImages.blp
[2018-09-22 22:36:39]	 Loading Package: ../../../DLC/Expansion1/Platforms/Windows/BLPs/LeaderFallbackImages.blp
[2018-09-22 22:36:39]	 Loading Package: ../../../DLC/Poland_Jadwiga/Platforms/Windows/BLPs/LeaderFallbackImages.blp
[2018-09-22 22:36:39]	 Loading library LeaderFallback  took 123.68ms
[2018-09-22 22:36:39]	 Consumer 'LeaderFallback' configured in 1 ms!
[2018-09-22 22:36:40]	 Consumer 'Audio' configured in 654 ms!
[2018-09-22 22:36:40]	 Consumer 'Lenses' configured in 6 ms!
[2018-09-22 22:36:40]	 Loading Package: E:/steam/steamapps/common/Sid Meier's Civilization VI/Base/Platforms/Windows/BLPs/landmarks/Walls.blp
[2018-09-22 22:36:40]	 Loading Package: ../../../DLC/Australia/Platforms/Windows/BLPs/landmarks/Walls.blp
[2018-09-22 22:36:40]	 Loading Package: ../../../DLC/Expansion1/Platforms/Windows/BLPs/Walls_Tsikhe.blp
[2018-09-22 22:36:40]	 Loading library DynamicGeometry  took 260.36ms
[2018-09-22 22:36:40]	 Loading Package: E:/steam/steamapps/common/Sid Meier's Civilization VI/Base/Platforms/Windows/BLPs/route_doodads.blp
[2018-09-22 22:36:40]	 Loading library RouteDoodad  took 54.76ms
[2018-09-22 22:36:40]	 Loading Package: E:/steam/steamapps/common/Sid Meier's Civilization VI/Base/Platforms/Windows/BLPs/Wave.blp
[2018-09-22 22:36:40]	 Loading library Wave  took 16.76ms
[2018-09-22 22:36:40]	 Loading Package: E:/steam/steamapps/common/Sid Meier's Civilization VI/Base/Platforms/Windows/BLPs/SkyBox.blp
[2018-09-22 22:36:40]	 Loading library SkyBoxTexture  took 12.05ms
[2018-09-22 22:36:40]	 Loading Package: E:/steam/steamapps/common/Sid Meier's Civilization VI/Base/Platforms/Windows/BLPs/Water.blp
[2018-09-22 22:36:40]	 Loading Package: ../../../DLC/Expansion1/Platforms/Windows/BLPs/Water.blp
[2018-09-22 22:36:40]	 Loading library Water  took 26.99ms
[2018-09-22 22:36:40]	 Loading Package: E:/steam/steamapps/common/Sid Meier's Civilization VI/Base/Platforms/Windows/BLPs/lighting/default_lighting.blp
[2018-09-22 22:36:40]	 Loading library GameLighting  took 14.75ms
[2018-09-22 22:36:40]	 Loading Package: E:/steam/steamapps/common/Sid Meier's Civilization VI/Base/Platforms/Windows/BLPs/WonderMovie.blp
[2018-09-22 22:36:40]	 Loading Package: ../../../DLC/Indonesia_Khmer/Platforms/Windows/BLPs/WonderMovie.blp
[2018-09-22 22:36:40]	 Loading Package: ../../../DLC/Nubia_Amanitore/Platforms/Windows/BLPs/WonderMovie.blp
[2018-09-22 22:36:40]	 Loading Package: ../../../DLC/Macedonia_Persia/Platforms/Windows/BLPs/WonderMovie.blp
[2018-09-22 22:36:40]	 Loading Package: ../../../DLC/Expansion1/Platforms/Windows/BLPs/WonderMovie.blp
[2018-09-22 22:36:47]	 Loading library WonderMovie  took 6948.34ms
[2018-09-22 22:36:47]	 Loading Package: E:/steam/steamapps/common/Sid Meier's Civilization VI/Base/Platforms/Windows/BLPs/route_decal_materials.blp
[2018-09-22 22:36:47]	 Loading library RouteDecalMaterial  took 91.11ms
[2018-09-22 22:36:47]	 Loading Package: E:/steam/steamapps/common/Sid Meier's Civilization VI/Base/Platforms/Windows/BLPs/landmarks/city_buildings.blp
[2018-09-22 22:36:47]	 Loading Package: E:/steam/steamapps/common/Sid Meier's Civilization VI/Base/Platforms/Windows/BLPs/landmarks/hero_buildings.blp
[2018-09-22 22:36:47]	 Loading Package: E:/steam/steamapps/common/Sid Meier's Civilization VI/Base/Platforms/Windows/BLPs/landmarks/tilebases.blp
[2018-09-22 22:36:47]	 Loading Package: E:/steam/steamapps/common/Sid Meier's Civilization VI/Base/Platforms/Windows/BLPs/NaturalWonderAttachments.blp
[2018-09-22 22:36:47]	 Loading Package: ../../../DLC/Indonesia_Khmer/Platforms/Windows/BLPs/landmarks/hero_buildings.blp
[2018-09-22 22:36:47]	 Loading Package: ../../../DLC/Indonesia_Khmer/Platforms/Windows/BLPs/landmarks/tilebases.blp
[2018-09-22 22:36:47]	 Loading Package: ../../../DLC/Indonesia_Khmer/Platforms/Windows/BLPs/IMP_Khmer_StiltHouse.blp
[2018-09-22 22:36:47]	 Loading Package: ../../../DLC/Nubia_Amanitore/Platforms/Windows/BLPs/landmarks/tilebases.blp
[2018-09-22 22:36:47]	 Loading Package: ../../../DLC/Nubia_Amanitore/Platforms/Windows/BLPs/IMP_Nubian_Pyramids.blp
[2018-09-22 22:36:47]	 Loading Package: ../../../DLC/Macedonia_Persia/Platforms/Windows/BLPs/landmarks/hero_buildings.blp
[2018-09-22 22:36:47]	 Loading Package: ../../../DLC/Macedonia_Persia/Platforms/Windows/BLPs/landmarks/tilebases.blp
[2018-09-22 22:36:47]	 Loading Package: ../../../DLC/Macedonia_Persia/Platforms/Windows/BLPs/IMP_Pairidaeza.blp
[2018-09-22 22:36:47]	 Loading Package: ../../../DLC/Australia/Platforms/Windows/BLPs/landmarks/tilebases.blp
[2018-09-22 22:36:47]	 Loading Package: ../../../DLC/Australia/Platforms/Windows/BLPs/NaturalWonderAttachments.blp
[2018-09-22 22:36:47]	 Loading Package: ../../../DLC/Australia/Platforms/Windows/BLPs/IMP_Outback_Station.blp
[2018-09-22 22:36:47]	 Loading Package: ../../../DLC/Expansion1/Platforms/Windows/BLPs/landmarks/city_buildings.blp
[2018-09-22 22:36:47]	 Loading Package: ../../../DLC/Expansion1/Platforms/Windows/BLPs/landmarks/tilebases.blp
[2018-09-22 22:36:47]	 Loading Package: ../../../DLC/Expansion1/Platforms/Windows/BLPs/NaturalWonderAttachments.blp
[2018-09-22 22:36:47]	 Loading Package: ../../../DLC/Expansion1/Platforms/Windows/BLPs/DIS_ENC_Ikanda.blp
[2018-09-22 22:36:47]	 Loading Package: ../../../DLC/Expansion1/Platforms/Windows/BLPs/DIS_Seowon.blp
[2018-09-22 22:36:47]	 Loading Package: ../../../DLC/Expansion1/Platforms/Windows/BLPs/DIS_Government.blp
[2018-09-22 22:36:47]	 Loading Package: ../../../DLC/Expansion1/Platforms/Windows/BLPs/DIS_Water_ENT.blp
[2018-09-22 22:36:47]	 Loading Package: ../../../DLC/Expansion1/Platforms/Windows/BLPs/IMP_Polder.blp
[2018-09-22 22:36:47]	 Loading Package: ../../../DLC/Expansion1/Platforms/Windows/BLPs/IMP_Golf_Course.blp
[2018-09-22 22:36:47]	 Loading Package: ../../../DLC/Expansion1/Platforms/Windows/BLPs/IMP_Cree_Mekewap.blp
[2018-09-22 22:36:47]	 Loading Package: ../../../DLC/Expansion1/Platforms/Windows/BLPs/IMP_Fishery.blp
[2018-09-22 22:36:47]	 Loading Package: ../../../DLC/Expansion1/Platforms/Windows/BLPs/IMP_City_Park.blp
[2018-09-22 22:36:47]	 Loading Package: ../../../DLC/Poland_Jadwiga/Platforms/Windows/BLPs/landmarks/city_buildings.blp
[2018-09-22 22:36:47]	 Loading Package: ../../../DLC/Poland_Jadwiga/Platforms/Windows/BLPs/landmarks/hero_buildings.blp
[2018-09-22 22:36:47]	 Loading Package: ../../../DLC/Poland_Jadwiga/Platforms/Windows/BLPs/landmarks/tilebases.blp
[2018-09-22 22:36:54]	 Loading library CityBuildings TileBase  took 6977.41ms
[2018-09-22 22:36:54]	 Loading Package: E:/steam/steamapps/common/Sid Meier's Civilization VI/Base/Platforms/Windows/BLPs/environment/clutter.blp
[2018-09-22 22:36:54]	 Loading Package: ../../../DLC/Expansion1/Platforms/Windows/BLPs/environment/clutter.blp
[2018-09-22 22:36:55]	 Loading library Landmark  took 689.58ms
[2018-09-22 22:36:55]	 Loading Package: E:/steam/steamapps/common/Sid Meier's Civilization VI/Base/Platforms/Windows/BLPs/VFX.blp
[2018-09-22 22:36:55]	 Loading Package: E:/steam/steamapps/common/Sid Meier's Civilization VI/Base/Platforms/Windows/BLPs/VFX_A.blp
[2018-09-22 22:36:55]	 Loading Package: E:/steam/steamapps/common/Sid Meier's Civilization VI/Base/Platforms/Windows/BLPs/VFX_B.blp
[2018-09-22 22:36:55]	 Loading Package: E:/steam/steamapps/common/Sid Meier's Civilization VI/Base/Platforms/Windows/BLPs/VFX_C.blp
[2018-09-22 22:36:55]	 Loading Package: ../../../DLC/Indonesia_Khmer/Platforms/Windows/BLPs/VFX.blp
[2018-09-22 22:36:55]	 Loading Package: ../../../DLC/Nubia_Amanitore/Platforms/Windows/BLPs/VFX.blp
[2018-09-22 22:36:55]	 Loading Package: ../../../DLC/Macedonia_Persia/Platforms/Windows/BLPs/VFX.blp
[2018-09-22 22:36:55]	 Loading Package: ../../../DLC/Australia/Platforms/Windows/BLPs/VFX.blp
[2018-09-22 22:36:55]	 Loading Package: ../../../DLC/Expansion1/Platforms/Windows/BLPs/VFX.blp
[2018-09-22 22:36:55]	 Loading Package: ../../../DLC/Poland_Jadwiga/Platforms/Windows/BLPs/VFX.blp
[2018-09-22 22:36:56]	 Loading library VFX  took 703.53ms
[2018-09-22 22:36:56]	 Loading Package: E:/steam/steamapps/common/Sid Meier's Civilization VI/Base/Platforms/Windows/BLPs/Light.blp
[2018-09-22 22:36:56]	 Loading Package: ../../../DLC/Expansion1/Platforms/Windows/BLPs/Light.blp
[2018-09-22 22:36:56]	 Loading library Light  took 10.98ms
[2018-09-22 22:36:56]	 Loading Package: E:/steam/steamapps/common/Sid Meier's Civilization VI/Base/Platforms/Windows/BLPs/FOWSprites.blp
[2018-09-22 22:36:56]	 Loading Package: E:/steam/steamapps/common/Sid Meier's Civilization VI/Base/Platforms/Windows/BLPs/FOWTextures.blp
[2018-09-22 22:36:56]	 Loading library FOWSprite FOWTexture  took 39.01ms
[2018-09-22 22:36:56]	 Loading Package: E:/steam/steamapps/common/Sid Meier's Civilization VI/Base/Platforms/Windows/BLPs/Overlay.blp
[2018-09-22 22:36:56]	 Loading Package: ../../../DLC/Expansion1/Platforms/Windows/BLPs/Overlay.blp
[2018-09-22 22:36:56]	 Loading library OverlayTexture  took 163.14ms
[2018-09-22 22:36:56]	 Loading Package: E:/steam/steamapps/common/Sid Meier's Civilization VI/Base/Platforms/Windows/BLPs/UILensAssets.blp
[2018-09-22 22:36:56]	 Loading Package: ../../../DLC/Expansion1/Platforms/Windows/BLPs/UILensAssets.blp
[2018-09-22 22:36:56]	 Loading library UILensAsset  took 328.61ms
[2018-09-22 22:36:56]	 Loading Package: E:/steam/steamapps/common/Sid Meier's Civilization VI/Base/Platforms/Windows/BLPs/strategicview/strategicview_terraintypes.blp
[2018-09-22 22:36:56]	 Loading library StrategicView_TerrainType  took 21.14ms
[2018-09-22 22:36:56]	 Loading Package: E:/steam/steamapps/common/Sid Meier's Civilization VI/Base/Platforms/Windows/BLPs/strategicview/strategicview_terrainblendcorners.blp
[2018-09-22 22:36:56]	 Loading library StrategicView_TerrainBlendCorners  took 5.87ms
[2018-09-22 22:36:56]	 Loading Package: E:/steam/steamapps/common/Sid Meier's Civilization VI/Base/Platforms/Windows/BLPs/strategicview/strategicview_directedassets.blp
[2018-09-22 22:36:56]	 Loading library StrategicView_DirectedAsset  took 55.17ms
[2018-09-22 22:36:56]	 Loading Package: E:/steam/steamapps/common/Sid Meier's Civilization VI/Base/Platforms/Windows/BLPs/strategicview/strategicview_routes.blp
[2018-09-22 22:36:56]	 Loading library StrategicView_Route  took 146.29ms
[2018-09-22 22:36:56]	 Loading Package: E:/steam/steamapps/common/Sid Meier's Civilization VI/Base/Platforms/Windows/BLPs/units/units.blp
[2018-09-22 22:36:56]	 Loading Package: ../../../DLC/Indonesia_Khmer/Platforms/Windows/BLPs/units/units.blp
[2018-09-22 22:36:56]	 Loading Package: ../../../DLC/Nubia_Amanitore/Platforms/Windows/BLPs/units/units.blp
[2018-09-22 22:36:56]	 Loading Package: ../../../DLC/Macedonia_Persia/Platforms/Windows/BLPs/units/units.blp
[2018-09-22 22:36:56]	 Loading Package: ../../../DLC/Australia/Platforms/Windows/BLPs/units/units.blp
[2018-09-22 22:36:56]	 Loading Package: ../../../DLC/Expansion1/Platforms/Windows/BLPs/units/units.blp
[2018-09-22 22:36:56]	 Loading Package: ../../../DLC/Poland_Jadwiga/Platforms/Windows/BLPs/units/units.blp
[2018-09-22 22:36:59]	 Loading library Unit  took 2358.86ms
[2018-09-22 22:36:59]	 Loading Package: E:/steam/steamapps/common/Sid Meier's Civilization VI/Base/Platforms/Windows/BLPs/strategicview/strategicview_buildings.blp
[2018-09-22 22:36:59]	 Loading Package: E:/steam/steamapps/common/Sid Meier's Civilization VI/Base/Platforms/Windows/BLPs/strategicview/strategicview_cities.blp
[2018-09-22 22:36:59]	 Loading Package: E:/steam/steamapps/common/Sid Meier's Civilization VI/Base/Platforms/Windows/BLPs/strategicview/strategicview_districts.blp
[2018-09-22 22:36:59]	 Loading Package: E:/steam/steamapps/common/Sid Meier's Civilization VI/Base/Platforms/Windows/BLPs/strategicview/strategicview_effects.blp
[2018-09-22 22:36:59]	 Loading Package: E:/steam/steamapps/common/Sid Meier's Civilization VI/Base/Platforms/Windows/BLPs/strategicview/strategicview_parks.blp
[2018-09-22 22:36:59]	 Loading Package: E:/steam/steamapps/common/Sid Meier's Civilization VI/Base/Platforms/Windows/BLPs/strategicview/strategicview_features.blp
[2018-09-22 22:36:59]	 Loading Package: E:/steam/steamapps/common/Sid Meier's Civilization VI/Base/Platforms/Windows/BLPs/strategicview/strategicview_improvements.blp
[2018-09-22 22:36:59]	 Loading Package: E:/steam/steamapps/common/Sid Meier's Civilization VI/Base/Platforms/Windows/BLPs/strategicview/strategicview_terrainsprites.blp
[2018-09-22 22:36:59]	 Loading Package: E:/steam/steamapps/common/Sid Meier's Civilization VI/Base/Platforms/Windows/BLPs/strategicview/strategicview_uilenses.blp
[2018-09-22 22:36:59]	 Loading Package: ../../../DLC/Indonesia_Khmer/Platforms/Windows/BLPs/strategicview/strategicview_buildings.blp
[2018-09-22 22:36:59]	 Loading Package: ../../../DLC/Indonesia_Khmer/Platforms/Windows/BLPs/strategicview/strategicview_features.blp
[2018-09-22 22:36:59]	 Loading Package: ../../../DLC/Indonesia_Khmer/Platforms/Windows/BLPs/strategicview/strategicview_improvements.blp
[2018-09-22 22:36:59]	 Loading Package: ../../../DLC/Nubia_Amanitore/Platforms/Windows/BLPs/strategicview/strategicview_buildings.blp
[2018-09-22 22:36:59]	 Loading Package: ../../../DLC/Nubia_Amanitore/Platforms/Windows/BLPs/strategicview/strategicview_improvements.blp
[2018-09-22 22:36:59]	 Loading Package: ../../../DLC/Macedonia_Persia/Platforms/Windows/BLPs/strategicview/strategicview_buildings.blp
[2018-09-22 22:36:59]	 Loading Package: ../../../DLC/Macedonia_Persia/Platforms/Windows/BLPs/strategicview/strategicview_improvements.blp
[2018-09-22 22:36:59]	 Loading Package: ../../../DLC/Australia/Platforms/Windows/BLPs/strategicview/strategicview_features.blp
[2018-09-22 22:36:59]	 Loading Package: ../../../DLC/Australia/Platforms/Windows/BLPs/strategicview/strategicview_improvements.blp
[2018-09-22 22:36:59]	 Loading Package: ../../../DLC/Expansion1/Platforms/Windows/BLPs/strategicview/strategicview_buildings.blp
[2018-09-22 22:36:59]	 Loading Package: ../../../DLC/Expansion1/Platforms/Windows/BLPs/strategicview/strategicview_districts.blp
[2018-09-22 22:36:59]	 Loading Package: ../../../DLC/Expansion1/Platforms/Windows/BLPs/strategicview/strategicview_features.blp
[2018-09-22 22:36:59]	 Loading Package: ../../../DLC/Expansion1/Platforms/Windows/BLPs/strategicview/strategicview_improvements.blp
[2018-09-22 22:36:59]	 Loading Package: ../../../DLC/Expansion1/Platforms/Windows/BLPs/strategicview/strategicview_uilenses.blp
[2018-09-22 22:36:59]	 Loading Package: ../../../DLC/Poland_Jadwiga/Platforms/Windows/BLPs/strategicview/strategicview_buildings.blp
[2018-09-22 22:37:02]	 Loading library StrategicView_Sprite  took 3165.90ms
[2018-09-22 22:37:02]	 Loading Package: E:/steam/steamapps/common/Sid Meier's Civilization VI/Base/Platforms/Windows/BLPs/CameraAnimation.blp
[2018-09-22 22:37:02]	 Loading library CameraAnimation  took 6.02ms
[2018-09-22 22:37:02]	 Loading Package: E:/steam/steamapps/common/Sid Meier's Civilization VI/Base/Platforms/Windows/BLPs/ColorKeys.blp
[2018-09-22 22:37:02]	 Loading Package: ../../../DLC/Expansion1/Platforms/Windows/BLPs/ColorKeys.blp
[2018-09-22 22:37:02]	 Loading library ColorKey  took 80.60ms
[2018-09-22 22:37:02]	 Loading Package: E:/steam/steamapps/common/Sid Meier's Civilization VI/Base/Platforms/Windows/BLPs/strategicview/strategicview_terrainblends.blp
[2018-09-22 22:37:02]	 Loading library StrategicView_TerrainBlend  took 167.86ms
[2018-09-22 22:37:02]	 Loading Package: E:/steam/steamapps/common/Sid Meier's Civilization VI/Base/Platforms/Windows/BLPs/terrain/TerrainMaterialSet_Base.blp
[2018-09-22 22:37:02]	 Loading Package: E:/steam/steamapps/common/Sid Meier's Civilization VI/Base/Platforms/Windows/BLPs/terrain/TerrainAssetSet_Base.blp
[2018-09-22 22:37:02]	 Loading Package: E:/steam/steamapps/common/Sid Meier's Civilization VI/Base/Platforms/Windows/BLPs/terrain/TerrainElementSet_Base.blp
[2018-09-22 22:37:02]	 Loading Package: ../../../DLC/Indonesia_Khmer/Platforms/Windows/BLPs/terrain/TerrainAssetSet_Base.blp
[2018-09-22 22:37:02]	 Loading Package: ../../../DLC/Macedonia_Persia/Platforms/Windows/BLPs/terrain/TerrainMaterialSet_Base.blp
[2018-09-22 22:37:02]	 Loading Package: ../../../DLC/Macedonia_Persia/Platforms/Windows/BLPs/terrain/TerrainAssetSet_Base.blp
[2018-09-22 22:37:02]	 Loading Package: ../../../DLC/Macedonia_Persia/Platforms/Windows/BLPs/terrain/TerrainElementSet_Base.blp
[2018-09-22 22:37:02]	 Loading Package: ../../../DLC/Australia/Platforms/Windows/BLPs/terrain/TerrainMaterialSet_Base.blp
[2018-09-22 22:37:02]	 Loading Package: ../../../DLC/Australia/Platforms/Windows/BLPs/terrain/TerrainAssetSet_Base.blp
[2018-09-22 22:37:02]	 Loading Package: ../../../DLC/Australia/Platforms/Windows/BLPs/terrain/TerrainElementSet_Base.blp
[2018-09-22 22:37:02]	 Loading Package: ../../../DLC/Expansion1/Platforms/Windows/BLPs/terrain/TerrainMaterialSet_Base.blp
[2018-09-22 22:37:02]	 Loading Package: ../../../DLC/Expansion1/Platforms/Windows/BLPs/terrain/TerrainAssetSet_Base.blp
[2018-09-22 22:37:02]	 Loading Package: ../../../DLC/Expansion1/Platforms/Windows/BLPs/terrain/TerrainElementSet_Base.blp
[2018-09-22 22:37:02]	 Loading library TerrainMaterial TerrainAsset TerrainElement  took 310.34ms
[2018-09-22 22:37:02]	 Consumer 'Overlay' configured in 27 ms!
[2018-09-22 22:37:02]	 Consumer 'Minimap' configured in 0 ms!
[2018-09-22 22:37:02]	 Consumer 'Cultures' configured in 12 ms!
[2018-09-22 22:37:03]	 Consumer 'SkyBox' configured in 136 ms!
[2018-09-22 22:37:03]	 Consumer 'ColorKeys' configured in 244 ms!
[2018-09-22 22:37:03]	 Consumer 'StrategicView_Properties' configured in 662 ms!
[2018-09-22 22:37:03]	 Consumer 'StrategicView_TerrainType' configured in 686 ms!
[2018-09-22 22:37:03]	 Consumer 'StrategicView_TerrainBlend' configured in 691 ms!
[2018-09-22 22:37:03]	 Consumer 'StrategicView_Route' configured in 698 ms!
[2018-09-22 22:37:03]	 Consumer 'StrategicView_TerrainBlendCorners' configured in 708 ms!
[2018-09-22 22:37:03]	 Consumer 'StrategicView_Sprite' configured in 710 ms!
[2018-09-22 22:37:03]	 Consumer 'UnitSimulation' configured in 678 ms!
[2018-09-22 22:37:03]	 Consumer 'FOW' configured in 619 ms!
[2018-09-22 22:37:03]	 Consumer 'FOW' configured in 1 ms!
[2018-09-22 22:37:03]	 Consumer 'Camera' configured in 1 ms!
[2018-09-22 22:37:03]	 Consumer 'UIPreview' configured in 0 ms!
[2018-09-22 22:37:03]	 Consumer 'GenericObject' configured in 0 ms!
[2018-09-22 22:37:03]	 Consumer 'AOSystem' configured in 0 ms!
[2018-09-22 22:37:03]	 Consumer 'Water' configured in 0 ms!
[2018-09-22 22:37:03]	 Consumer 'RangeArrows' configured in 32 ms!
[2018-09-22 22:37:03]	 Consumer 'StrategicView_Translate' configured in 801 ms!
[2018-09-22 22:37:03]	 Consumer 'DynamicGeometry' configured in 3 ms!
[2018-09-22 22:37:03]	 Consumer 'WorldViewRoutes' configured in 7 ms!
[2018-09-22 22:37:03]	 Consumer 'GameLighting' configured in 6 ms!
[2018-09-22 22:37:03]	 Consumer 'Clutter' configured in 140 ms!
[2018-09-22 22:37:03]	 Consumer 'Wave' configured in 91 ms!
[2018-09-22 22:37:03]	 Consumer 'Overlay' configured in 44 ms!
[2018-09-22 22:37:03]	 Consumer 'UILensAsset' configured in 28 ms!
[2018-09-22 22:37:03]	 Consumer 'WonderMovie' configured in 178 ms!
[2018-09-22 22:37:04]	 Consumer 'Terrain' configured in 630 ms!
[2018-09-22 22:37:04]	 Consumer 'VFX' configured in 602 ms!
[2018-09-22 22:37:04]	 Consumer 'Farms' configured in 703 ms!
[2018-09-22 22:37:04]	 Consumer 'Landmarks' configured in 877 ms!
[2018-09-22 22:37:04]	 Consumer 'Units' configured in 1510 ms!
[2018-09-22 22:37:04]	 Consumer 'Units' configured in 1182 ms!
[2018-09-22 22:37:04]	 Notified all changed consumer listeners.
[2018-09-22 22:37:04]	 Time spent loading libraries: 23394.64 ms.  Time spent configuring consumers: 12707 ms.
[2018-09-22 22:37:04]	 Time spent loading : 25332 ms.  Time saved: 10769 ms.
[2018-09-22 22:37:04]	 Little data footprint: 52.04MB
[2018-09-22 22:37:36]	 **** Shutdown ****
[2018-09-22 22:37:36]	 Unloading Package: E:/steam/steamapps/common/Sid Meier's Civilization VI/Base/Platforms/Windows/BLPs/UI/UI_Civilopedia.blp
[2018-09-22 22:37:36]	 Unloading Package: E:/steam/steamapps/common/Sid Meier's Civilization VI/Base/Platforms/Windows/BLPs/UI/UI_Controls.blp
[2018-09-22 22:37:36]	 Unloading Package: E:/steam/steamapps/common/Sid Meier's Civilization VI/Base/Platforms/Windows/BLPs/UI/UI_Diplomacy.blp
[2018-09-22 22:37:36]	 Unloading Package: E:/steam/steamapps/common/Sid Meier's Civilization VI/Base/Platforms/Windows/BLPs/UI/UI_EndGame.blp
[2018-09-22 22:37:36]	 Unloading Package: E:/steam/steamapps/common/Sid Meier's Civilization VI/Base/Platforms/Windows/BLPs/UI/UI_Government.blp
[2018-09-22 22:37:36]	 Unloading Package: E:/steam/steamapps/common/Sid Meier's Civilization VI/Base/Platforms/Windows/BLPs/UI/UI_GreatWorksArt.blp
[2018-09-22 22:37:36]	 Unloading Package: E:/steam/steamapps/common/Sid Meier's Civilization VI/Base/Platforms/Windows/BLPs/UI/UI_HalfScreen.blp
[2018-09-22 22:37:36]	 Unloading Package: E:/steam/steamapps/common/Sid Meier's Civilization VI/Base/Platforms/Windows/BLPs/UI/UI_HUD.blp
[2018-09-22 22:37:36]	 Unloading Package: E:/steam/steamapps/common/Sid Meier's Civilization VI/Base/Platforms/Windows/BLPs/UI/UI_Leaders.blp
[2018-09-22 22:37:36]	 Unloading Package: E:/steam/steamapps/common/Sid Meier's Civilization VI/Base/Platforms/Windows/BLPs/UI_LeaderScenes.blp
[2018-09-22 22:37:36]	 Unloading Package: E:/steam/steamapps/common/Sid Meier's Civilization VI/Base/Platforms/Windows/BLPs/UI/UI_Religion.blp
[2018-09-22 22:37:36]	 Unloading Package: E:/steam/steamapps/common/Sid Meier's Civilization VI/Base/Platforms/Windows/BLPs/UI/UI_Screens.blp
[2018-09-22 22:37:36]	 Unloading Package: E:/steam/steamapps/common/Sid Meier's Civilization VI/Base/Platforms/Windows/BLPs/UI/UI_Shell.blp
[2018-09-22 22:37:36]	 Unloading Package: E:/steam/steamapps/common/Sid Meier's Civilization VI/Base/Platforms/Windows/BLPs/UI/UI_Tree.blp
[2018-09-22 22:37:36]	 Unloading Package: E:/steam/steamapps/common/Sid Meier's Civilization VI/Base/Platforms/Windows/BLPs/UI/UI_TreeBG.blp
[2018-09-22 22:37:36]	 Unloading Package: E:/steam/steamapps/common/Sid Meier's Civilization VI/Base/Platforms/Windows/BLPs/UI/UI_Tutorial.blp
[2018-09-22 22:37:36]	 Unloading Package: E:/steam/steamapps/common/Sid Meier's Civilization VI/Base/Platforms/Windows/BLPs/UI/AdvisorTutorial.blp
[2018-09-22 22:37:36]	 Unloading Package: E:/steam/steamapps/common/Sid Meier's Civilization VI/Base/Platforms/Windows/BLPs/UI/Icons.blp
[2018-09-22 22:37:36]	 Unloading Package: E:/steam/steamapps/common/Sid Meier's Civilization VI/Base/Platforms/Windows/BLPs/UI/InWorld.blp
[2018-09-22 22:37:36]	 Unloading Package: E:/steam/steamapps/common/Sid Meier's Civilization VI/Base/Platforms/Windows/BLPs/UI/Shell_Loading.blp
[2018-09-22 22:37:36]	 Unloading Package: E:/steam/steamapps/common/Sid Meier's Civilization VI/Base/Platforms/Windows/BLPs/UI/UITest.blp
[2018-09-22 22:37:36]	 Unloading Package: E:/steam/steamapps/common/Sid Meier's Civilization VI/Base/Platforms/Windows/BLPs/UI/UI_Icons_Overflow.blp
[2018-09-22 22:37:36]	 Unloading Package: ../../../DLC/Indonesia_Khmer/Platforms/Windows/BLPs/UI/UI_Leaders.blp
[2018-09-22 22:37:36]	 Unloading Package: ../../../DLC/Indonesia_Khmer/Platforms/Windows/BLPs/UI_LeaderScenes.blp
[2018-09-22 22:37:36]	 Unloading Package: ../../../DLC/Indonesia_Khmer/Platforms/Windows/BLPs/UI/Icons.blp
[2018-09-22 22:37:36]	 Unloading Package: ../../../DLC/Indonesia_Khmer/Platforms/Windows/BLPs/UI/Shell_Loading.blp
[2018-09-22 22:37:36]	 Unloading Package: ../../../DLC/Nubia_Amanitore/Platforms/Windows/BLPs/UI/UI_Leaders.blp
[2018-09-22 22:37:36]	 Unloading Package: ../../../DLC/Nubia_Amanitore/Platforms/Windows/BLPs/UI_LeaderScenes.blp
[2018-09-22 22:37:36]	 Unloading Package: ../../../DLC/Nubia_Amanitore/Platforms/Windows/BLPs/UI/Icons.blp
[2018-09-22 22:37:36]	 Unloading Package: ../../../DLC/Nubia_Amanitore/Platforms/Windows/BLPs/UI/Shell_Loading.blp
[2018-09-22 22:37:36]	 Unloading Package: ../../../DLC/Macedonia_Persia/Platforms/Windows/BLPs/UI_LeaderScenes.blp
[2018-09-22 22:37:36]	 Unloading Package: ../../../DLC/Macedonia_Persia/Platforms/Windows/BLPs/UI/UI_Shell.blp
[2018-09-22 22:37:36]	 Unloading Package: ../../../DLC/Macedonia_Persia/Platforms/Windows/BLPs/UI/Icons.blp
[2018-09-22 22:37:36]	 Unloading Package: ../../../DLC/Macedonia_Persia/Platforms/Windows/BLPs/UI/Shell_Loading.blp
[2018-09-22 22:37:36]	 Unloading Package: ../../../DLC/Macedonia_Persia/Platforms/Windows/BLPs/UI/UILeaders.blp
[2018-09-22 22:37:36]	 Unloading Package: ../../../DLC/Australia/Platforms/Windows/BLPs/UI/UI_Government.blp
[2018-09-22 22:37:36]	 Unloading Package: ../../../DLC/Australia/Platforms/Windows/BLPs/UI/UI_Leaders.blp
[2018-09-22 22:37:36]	 Unloading Package: ../../../DLC/Australia/Platforms/Windows/BLPs/UI_LeaderScenes.blp
[2018-09-22 22:37:36]	 Unloading Package: ../../../DLC/Australia/Platforms/Windows/BLPs/UI/Icons.blp
[2018-09-22 22:37:36]	 Unloading Package: ../../../DLC/Australia/Platforms/Windows/BLPs/UI/Shell_Loading.blp
[2018-09-22 22:37:36]	 Unloading Package: ../../../DLC/Expansion1/Platforms/Windows/BLPs/UI/UI_Civilopedia.blp
[2018-09-22 22:37:36]	 Unloading Package: ../../../DLC/Expansion1/Platforms/Windows/BLPs/UI/UI_Controls.blp
[2018-09-22 22:37:36]	 Unloading Package: ../../../DLC/Expansion1/Platforms/Windows/BLPs/UI/UI_Government.blp
[2018-09-22 22:37:36]	 Unloading Package: ../../../DLC/Expansion1/Platforms/Windows/BLPs/UI/UI_HUD.blp
[2018-09-22 22:37:36]	 Unloading Package: ../../../DLC/Expansion1/Platforms/Windows/BLPs/UI/UI_Leaders.blp
[2018-09-22 22:37:36]	 Unloading Package: ../../../DLC/Expansion1/Platforms/Windows/BLPs/UI_LeaderScenes.blp
[2018-09-22 22:37:36]	 Unloading Package: ../../../DLC/Expansion1/Platforms/Windows/BLPs/UI/UI_Shell.blp
[2018-09-22 22:37:36]	 Unloading Package: ../../../DLC/Expansion1/Platforms/Windows/BLPs/UI/UI_Tree.blp
[2018-09-22 22:37:36]	 Unloading Package: ../../../DLC/Expansion1/Platforms/Windows/BLPs/UI/Icons.blp
[2018-09-22 22:37:36]	 Unloading Package: ../../../DLC/Expansion1/Platforms/Windows/BLPs/UI/InWorld.blp
[2018-09-22 22:37:36]	 Unloading Package: ../../../DLC/Expansion1/Platforms/Windows/BLPs/UI/Shell_Loading.blp
[2018-09-22 22:37:36]	 Unloading Package: ../../../DLC/Expansion1/Platforms/Windows/BLPs/UI/PrideMoments.blp
[2018-09-22 22:37:36]	 Unloading Package: ../../../DLC/Expansion1/Platforms/Windows/BLPs/UI/Governors.blp
[2018-09-22 22:37:36]	 Unloading Package: ../../../DLC/Expansion1/Platforms/Windows/BLPs/UI/Historian.blp
[2018-09-22 22:37:36]	 Unloading Package: ../../../DLC/Expansion1/Platforms/Windows/BLPs/UI/UI_Eras.blp
[2018-09-22 22:37:36]	 Unloading Package: ../../../DLC/Expansion1/Platforms/Windows/BLPs/UI/UI_Identity.blp
[2018-09-22 22:37:36]	 Unloading Package: ../../../DLC/Expansion1/Platforms/Windows/BLPs/UI/UI_Emergencies.blp
[2018-09-22 22:37:36]	 Unloading Package: ../../../DLC/Expansion1/Platforms/Windows/BLPs/UI/UI_Ages.blp
[2018-09-22 22:37:36]	 Unloading Package: ../../../DLC/Poland_Jadwiga/Platforms/Windows/BLPs/UI/UI_Leaders.blp
[2018-09-22 22:37:36]	 Unloading Package: ../../../DLC/Poland_Jadwiga/Platforms/Windows/BLPs/UI_LeaderScenes.blp
[2018-09-22 22:37:36]	 Unloading Package: ../../../DLC/Poland_Jadwiga/Platforms/Windows/BLPs/UI/Icons.blp
[2018-09-22 22:37:36]	 Unloading Package: ../../../DLC/Poland_Jadwiga/Platforms/Windows/BLPs/UI/Shell_Loading.blp
[2018-09-22 22:37:36]	 Unloading Package: E:/steam/steamapps/common/Sid Meier's Civilization VI/Base/Platforms/Windows/BLPs/LeaderFallbackImages.blp
[2018-09-22 22:37:36]	 Unloading Package: ../../../DLC/Indonesia_Khmer/Platforms/Windows/BLPs/LeaderFallbackImages.blp
[2018-09-22 22:37:36]	 Unloading Package: ../../../DLC/Nubia_Amanitore/Platforms/Windows/BLPs/LeaderFallbackImages.blp
[2018-09-22 22:37:36]	 Unloading Package: ../../../DLC/Macedonia_Persia/Platforms/Windows/BLPs/LeaderFallbackImages.blp
[2018-09-22 22:37:36]	 Unloading Package: ../../../DLC/Australia/Platforms/Windows/BLPs/LeaderFallbackImages.blp
[2018-09-22 22:37:36]	 Unloading Package: ../../../DLC/Expansion1/Platforms/Windows/BLPs/LeaderFallbackImages.blp
[2018-09-22 22:37:36]	 Unloading Package: ../../../DLC/Poland_Jadwiga/Platforms/Windows/BLPs/LeaderFallbackImages.blp
[2018-09-22 22:37:36]	 Unloading Package: E:/steam/steamapps/common/Sid Meier's Civilization VI/Base/Platforms/Windows/BLPs/landmarks/Walls.blp
[2018-09-22 22:37:36]	 Unloading Package: ../../../DLC/Australia/Platforms/Windows/BLPs/landmarks/Walls.blp
[2018-09-22 22:37:36]	 Unloading Package: ../../../DLC/Expansion1/Platforms/Windows/BLPs/Walls_Tsikhe.blp
[2018-09-22 22:37:36]	 Unloading Package: E:/steam/steamapps/common/Sid Meier's Civilization VI/Base/Platforms/Windows/BLPs/route_doodads.blp
[2018-09-22 22:37:36]	 Unloading Package: E:/steam/steamapps/common/Sid Meier's Civilization VI/Base/Platforms/Windows/BLPs/Wave.blp
[2018-09-22 22:37:36]	 Unloading Package: E:/steam/steamapps/common/Sid Meier's Civilization VI/Base/Platforms/Windows/BLPs/SkyBox.blp
[2018-09-22 22:37:36]	 Unloading Package: E:/steam/steamapps/common/Sid Meier's Civilization VI/Base/Platforms/Windows/BLPs/Water.blp
[2018-09-22 22:37:36]	 Unloading Package: ../../../DLC/Expansion1/Platforms/Windows/BLPs/Water.blp
[2018-09-22 22:37:36]	 Unloading Package: E:/steam/steamapps/common/Sid Meier's Civilization VI/Base/Platforms/Windows/BLPs/lighting/default_lighting.blp
[2018-09-22 22:37:36]	 Unloading Package: E:/steam/steamapps/common/Sid Meier's Civilization VI/Base/Platforms/Windows/BLPs/WonderMovie.blp
[2018-09-22 22:37:36]	 Unloading Package: ../../../DLC/Indonesia_Khmer/Platforms/Windows/BLPs/WonderMovie.blp
[2018-09-22 22:37:36]	 Unloading Package: ../../../DLC/Nubia_Amanitore/Platforms/Windows/BLPs/WonderMovie.blp
[2018-09-22 22:37:36]	 Unloading Package: ../../../DLC/Macedonia_Persia/Platforms/Windows/BLPs/WonderMovie.blp
[2018-09-22 22:37:36]	 Unloading Package: ../../../DLC/Expansion1/Platforms/Windows/BLPs/WonderMovie.blp
[2018-09-22 22:37:36]	 Unloading Package: E:/steam/steamapps/common/Sid Meier's Civilization VI/Base/Platforms/Windows/BLPs/route_decal_materials.blp
[2018-09-22 22:37:36]	 Unloading Package: E:/steam/steamapps/common/Sid Meier's Civilization VI/Base/Platforms/Windows/BLPs/landmarks/city_buildings.blp
[2018-09-22 22:37:36]	 Unloading Package: E:/steam/steamapps/common/Sid Meier's Civilization VI/Base/Platforms/Windows/BLPs/landmarks/hero_buildings.blp
[2018-09-22 22:37:36]	 Unloading Package: E:/steam/steamapps/common/Sid Meier's Civilization VI/Base/Platforms/Windows/BLPs/landmarks/tilebases.blp
[2018-09-22 22:37:37]	 Unloading Package: E:/steam/steamapps/common/Sid Meier's Civilization VI/Base/Platforms/Windows/BLPs/NaturalWonderAttachments.blp
[2018-09-22 22:37:37]	 Unloading Package: ../../../DLC/Indonesia_Khmer/Platforms/Windows/BLPs/landmarks/hero_buildings.blp
[2018-09-22 22:37:37]	 Unloading Package: ../../../DLC/Indonesia_Khmer/Platforms/Windows/BLPs/landmarks/tilebases.blp
[2018-09-22 22:37:37]	 Unloading Package: ../../../DLC/Indonesia_Khmer/Platforms/Windows/BLPs/IMP_Khmer_StiltHouse.blp
[2018-09-22 22:37:37]	 Unloading Package: ../../../DLC/Nubia_Amanitore/Platforms/Windows/BLPs/landmarks/tilebases.blp
[2018-09-22 22:37:37]	 Unloading Package: ../../../DLC/Nubia_Amanitore/Platforms/Windows/BLPs/IMP_Nubian_Pyramids.blp
[2018-09-22 22:37:37]	 Unloading Package: ../../../DLC/Macedonia_Persia/Platforms/Windows/BLPs/landmarks/hero_buildings.blp
[2018-09-22 22:37:37]	 Unloading Package: ../../../DLC/Macedonia_Persia/Platforms/Windows/BLPs/landmarks/tilebases.blp
[2018-09-22 22:37:37]	 Unloading Package: ../../../DLC/Macedonia_Persia/Platforms/Windows/BLPs/IMP_Pairidaeza.blp
[2018-09-22 22:37:37]	 Unloading Package: ../../../DLC/Australia/Platforms/Windows/BLPs/landmarks/tilebases.blp
[2018-09-22 22:37:37]	 Unloading Package: ../../../DLC/Australia/Platforms/Windows/BLPs/NaturalWonderAttachments.blp
[2018-09-22 22:37:37]	 Unloading Package: ../../../DLC/Australia/Platforms/Windows/BLPs/IMP_Outback_Station.blp
[2018-09-22 22:37:37]	 Unloading Package: ../../../DLC/Expansion1/Platforms/Windows/BLPs/landmarks/city_buildings.blp
[2018-09-22 22:37:37]	 Unloading Package: ../../../DLC/Expansion1/Platforms/Windows/BLPs/landmarks/tilebases.blp
[2018-09-22 22:37:37]	 Unloading Package: ../../../DLC/Expansion1/Platforms/Windows/BLPs/NaturalWonderAttachments.blp
[2018-09-22 22:37:37]	 Unloading Package: ../../../DLC/Expansion1/Platforms/Windows/BLPs/DIS_ENC_Ikanda.blp
[2018-09-22 22:37:37]	 Unloading Package: ../../../DLC/Expansion1/Platforms/Windows/BLPs/DIS_Seowon.blp
[2018-09-22 22:37:37]	 Unloading Package: ../../../DLC/Expansion1/Platforms/Windows/BLPs/DIS_Government.blp
[2018-09-22 22:37:37]	 Unloading Package: ../../../DLC/Expansion1/Platforms/Windows/BLPs/DIS_Water_ENT.blp
[2018-09-22 22:37:37]	 Unloading Package: ../../../DLC/Expansion1/Platforms/Windows/BLPs/IMP_Polder.blp
[2018-09-22 22:37:37]	 Unloading Package: ../../../DLC/Expansion1/Platforms/Windows/BLPs/IMP_Golf_Course.blp
[2018-09-22 22:37:37]	 Unloading Package: ../../../DLC/Expansion1/Platforms/Windows/BLPs/IMP_Cree_Mekewap.blp
[2018-09-22 22:37:37]	 Unloading Package: ../../../DLC/Expansion1/Platforms/Windows/BLPs/IMP_Fishery.blp
[2018-09-22 22:37:37]	 Unloading Package: ../../../DLC/Expansion1/Platforms/Windows/BLPs/IMP_City_Park.blp
[2018-09-22 22:37:37]	 Unloading Package: ../../../DLC/Poland_Jadwiga/Platforms/Windows/BLPs/landmarks/city_buildings.blp
[2018-09-22 22:37:37]	 Unloading Package: ../../../DLC/Poland_Jadwiga/Platforms/Windows/BLPs/landmarks/hero_buildings.blp
[2018-09-22 22:37:37]	 Unloading Package: ../../../DLC/Poland_Jadwiga/Platforms/Windows/BLPs/landmarks/tilebases.blp
[2018-09-22 22:37:37]	 Unloading Package: E:/steam/steamapps/common/Sid Meier's Civilization VI/Base/Platforms/Windows/BLPs/environment/clutter.blp
[2018-09-22 22:37:37]	 Unloading Package: ../../../DLC/Expansion1/Platforms/Windows/BLPs/environment/clutter.blp
[2018-09-22 22:37:37]	 Unloading Package: E:/steam/steamapps/common/Sid Meier's Civilization VI/Base/Platforms/Windows/BLPs/VFX.blp
[2018-09-22 22:37:37]	 Unloading Package: E:/steam/steamapps/common/Sid Meier's Civilization VI/Base/Platforms/Windows/BLPs/VFX_A.blp
[2018-09-22 22:37:37]	 Unloading Package: E:/steam/steamapps/common/Sid Meier's Civilization VI/Base/Platforms/Windows/BLPs/VFX_B.blp
[2018-09-22 22:37:37]	 Unloading Package: E:/steam/steamapps/common/Sid Meier's Civilization VI/Base/Platforms/Windows/BLPs/VFX_C.blp
[2018-09-22 22:37:37]	 Unloading Package: ../../../DLC/Indonesia_Khmer/Platforms/Windows/BLPs/VFX.blp
[2018-09-22 22:37:37]	 Unloading Package: ../../../DLC/Nubia_Amanitore/Platforms/Windows/BLPs/VFX.blp
[2018-09-22 22:37:37]	 Unloading Package: ../../../DLC/Macedonia_Persia/Platforms/Windows/BLPs/VFX.blp
[2018-09-22 22:37:37]	 Unloading Package: ../../../DLC/Australia/Platforms/Windows/BLPs/VFX.blp
[2018-09-22 22:37:37]	 Unloading Package: ../../../DLC/Expansion1/Platforms/Windows/BLPs/VFX.blp
[2018-09-22 22:37:37]	 Unloading Package: ../../../DLC/Poland_Jadwiga/Platforms/Windows/BLPs/VFX.blp
[2018-09-22 22:37:37]	 Unloading Package: E:/steam/steamapps/common/Sid Meier's Civilization VI/Base/Platforms/Windows/BLPs/Light.blp
[2018-09-22 22:37:37]	 Unloading Package: ../../../DLC/Expansion1/Platforms/Windows/BLPs/Light.blp
[2018-09-22 22:37:37]	 Unloading Package: E:/steam/steamapps/common/Sid Meier's Civilization VI/Base/Platforms/Windows/BLPs/FOWSprites.blp
[2018-09-22 22:37:37]	 Unloading Package: E:/steam/steamapps/common/Sid Meier's Civilization VI/Base/Platforms/Windows/BLPs/FOWTextures.blp
[2018-09-22 22:37:37]	 Unloading Package: E:/steam/steamapps/common/Sid Meier's Civilization VI/Base/Platforms/Windows/BLPs/Overlay.blp
[2018-09-22 22:37:37]	 Unloading Package: ../../../DLC/Expansion1/Platforms/Windows/BLPs/Overlay.blp
[2018-09-22 22:37:37]	 Unloading Package: E:/steam/steamapps/common/Sid Meier's Civilization VI/Base/Platforms/Windows/BLPs/UILensAssets.blp
[2018-09-22 22:37:37]	 Unloading Package: ../../../DLC/Expansion1/Platforms/Windows/BLPs/UILensAssets.blp
[2018-09-22 22:37:37]	 Unloading Package: E:/steam/steamapps/common/Sid Meier's Civilization VI/Base/Platforms/Windows/BLPs/strategicview/strategicview_terraintypes.blp
[2018-09-22 22:37:37]	 Unloading Package: E:/steam/steamapps/common/Sid Meier's Civilization VI/Base/Platforms/Windows/BLPs/strategicview/strategicview_terrainblendcorners.blp
[2018-09-22 22:37:37]	 Unloading Package: E:/steam/steamapps/common/Sid Meier's Civilization VI/Base/Platforms/Windows/BLPs/strategicview/strategicview_directedassets.blp
[2018-09-22 22:37:37]	 Unloading Package: E:/steam/steamapps/common/Sid Meier's Civilization VI/Base/Platforms/Windows/BLPs/strategicview/strategicview_routes.blp
[2018-09-22 22:37:37]	 Unloading Package: E:/steam/steamapps/common/Sid Meier's Civilization VI/Base/Platforms/Windows/BLPs/units/units.blp
[2018-09-22 22:37:37]	 Unloading Package: ../../../DLC/Indonesia_Khmer/Platforms/Windows/BLPs/units/units.blp
[2018-09-22 22:37:37]	 Unloading Package: ../../../DLC/Nubia_Amanitore/Platforms/Windows/BLPs/units/units.blp
[2018-09-22 22:37:37]	 Unloading Package: ../../../DLC/Macedonia_Persia/Platforms/Windows/BLPs/units/units.blp
[2018-09-22 22:37:37]	 Unloading Package: ../../../DLC/Australia/Platforms/Windows/BLPs/units/units.blp
[2018-09-22 22:37:37]	 Unloading Package: ../../../DLC/Expansion1/Platforms/Windows/BLPs/units/units.blp
[2018-09-22 22:37:38]	 Unloading Package: ../../../DLC/Poland_Jadwiga/Platforms/Windows/BLPs/units/units.blp
[2018-09-22 22:37:38]	 Unloading Package: E:/steam/steamapps/common/Sid Meier's Civilization VI/Base/Platforms/Windows/BLPs/strategicview/strategicview_buildings.blp
[2018-09-22 22:37:38]	 Unloading Package: E:/steam/steamapps/common/Sid Meier's Civilization VI/Base/Platforms/Windows/BLPs/strategicview/strategicview_cities.blp
[2018-09-22 22:37:38]	 Unloading Package: E:/steam/steamapps/common/Sid Meier's Civilization VI/Base/Platforms/Windows/BLPs/strategicview/strategicview_districts.blp
[2018-09-22 22:37:38]	 Unloading Package: E:/steam/steamapps/common/Sid Meier's Civilization VI/Base/Platforms/Windows/BLPs/strategicview/strategicview_effects.blp
[2018-09-22 22:37:38]	 Unloading Package: E:/steam/steamapps/common/Sid Meier's Civilization VI/Base/Platforms/Windows/BLPs/strategicview/strategicview_parks.blp
[2018-09-22 22:37:38]	 Unloading Package: E:/steam/steamapps/common/Sid Meier's Civilization VI/Base/Platforms/Windows/BLPs/strategicview/strategicview_features.blp
[2018-09-22 22:37:38]	 Unloading Package: E:/steam/steamapps/common/Sid Meier's Civilization VI/Base/Platforms/Windows/BLPs/strategicview/strategicview_improvements.blp
[2018-09-22 22:37:38]	 Unloading Package: E:/steam/steamapps/common/Sid Meier's Civilization VI/Base/Platforms/Windows/BLPs/strategicview/strategicview_terrainsprites.blp
[2018-09-22 22:37:38]	 Unloading Package: E:/steam/steamapps/common/Sid Meier's Civilization VI/Base/Platforms/Windows/BLPs/strategicview/strategicview_uilenses.blp
[2018-09-22 22:37:38]	 Unloading Package: ../../../DLC/Indonesia_Khmer/Platforms/Windows/BLPs/strategicview/strategicview_buildings.blp
[2018-09-22 22:37:38]	 Unloading Package: ../../../DLC/Indonesia_Khmer/Platforms/Windows/BLPs/strategicview/strategicview_features.blp
[2018-09-22 22:37:38]	 Unloading Package: ../../../DLC/Indonesia_Khmer/Platforms/Windows/BLPs/strategicview/strategicview_improvements.blp
[2018-09-22 22:37:38]	 Unloading Package: ../../../DLC/Nubia_Amanitore/Platforms/Windows/BLPs/strategicview/strategicview_buildings.blp
[2018-09-22 22:37:38]	 Unloading Package: ../../../DLC/Nubia_Amanitore/Platforms/Windows/BLPs/strategicview/strategicview_improvements.blp
[2018-09-22 22:37:38]	 Unloading Package: ../../../DLC/Macedonia_Persia/Platforms/Windows/BLPs/strategicview/strategicview_buildings.blp
[2018-09-22 22:37:38]	 Unloading Package: ../../../DLC/Macedonia_Persia/Platforms/Windows/BLPs/strategicview/strategicview_improvements.blp
[2018-09-22 22:37:38]	 Unloading Package: ../../../DLC/Australia/Platforms/Windows/BLPs/strategicview/strategicview_features.blp
[2018-09-22 22:37:38]	 Unloading Package: ../../../DLC/Australia/Platforms/Windows/BLPs/strategicview/strategicview_improvements.blp
[2018-09-22 22:37:38]	 Unloading Package: ../../../DLC/Expansion1/Platforms/Windows/BLPs/strategicview/strategicview_buildings.blp
[2018-09-22 22:37:38]	 Unloading Package: ../../../DLC/Expansion1/Platforms/Windows/BLPs/strategicview/strategicview_districts.blp
[2018-09-22 22:37:38]	 Unloading Package: ../../../DLC/Expansion1/Platforms/Windows/BLPs/strategicview/strategicview_features.blp
[2018-09-22 22:37:38]	 Unloading Package: ../../../DLC/Expansion1/Platforms/Windows/BLPs/strategicview/strategicview_improvements.blp
[2018-09-22 22:37:38]	 Unloading Package: ../../../DLC/Expansion1/Platforms/Windows/BLPs/strategicview/strategicview_uilenses.blp
[2018-09-22 22:37:38]	 Unloading Package: ../../../DLC/Poland_Jadwiga/Platforms/Windows/BLPs/strategicview/strategicview_buildings.blp
[2018-09-22 22:37:38]	 Unloading Package: E:/steam/steamapps/common/Sid Meier's Civilization VI/Base/Platforms/Windows/BLPs/CameraAnimation.blp
[2018-09-22 22:37:38]	 Unloading Package: E:/steam/steamapps/common/Sid Meier's Civilization VI/Base/Platforms/Windows/BLPs/ColorKeys.blp
[2018-09-22 22:37:38]	 Unloading Package: ../../../DLC/Expansion1/Platforms/Windows/BLPs/ColorKeys.blp
[2018-09-22 22:37:38]	 Unloading Package: E:/steam/steamapps/common/Sid Meier's Civilization VI/Base/Platforms/Windows/BLPs/strategicview/strategicview_terrainblends.blp
[2018-09-22 22:37:38]	 Unloading Package: E:/steam/steamapps/common/Sid Meier's Civilization VI/Base/Platforms/Windows/BLPs/terrain/TerrainMaterialSet_Base.blp
[2018-09-22 22:37:38]	 Unloading Package: E:/steam/steamapps/common/Sid Meier's Civilization VI/Base/Platforms/Windows/BLPs/terrain/TerrainAssetSet_Base.blp
[2018-09-22 22:37:38]	 Unloading Package: E:/steam/steamapps/common/Sid Meier's Civilization VI/Base/Platforms/Windows/BLPs/terrain/TerrainElementSet_Base.blp
[2018-09-22 22:37:38]	 Unloading Package: ../../../DLC/Indonesia_Khmer/Platforms/Windows/BLPs/terrain/TerrainAssetSet_Base.blp
[2018-09-22 22:37:38]	 Unloading Package: ../../../DLC/Macedonia_Persia/Platforms/Windows/BLPs/terrain/TerrainMaterialSet_Base.blp
[2018-09-22 22:37:38]	 Unloading Package: ../../../DLC/Macedonia_Persia/Platforms/Windows/BLPs/terrain/TerrainAssetSet_Base.blp
[2018-09-22 22:37:38]	 Unloading Package: ../../../DLC/Macedonia_Persia/Platforms/Windows/BLPs/terrain/TerrainElementSet_Base.blp
[2018-09-22 22:37:38]	 Unloading Package: ../../../DLC/Australia/Platforms/Windows/BLPs/terrain/TerrainMaterialSet_Base.blp
[2018-09-22 22:37:38]	 Unloading Package: ../../../DLC/Australia/Platforms/Windows/BLPs/terrain/TerrainAssetSet_Base.blp
[2018-09-22 22:37:38]	 Unloading Package: ../../../DLC/Australia/Platforms/Windows/BLPs/terrain/TerrainElementSet_Base.blp
[2018-09-22 22:37:38]	 Unloading Package: ../../../DLC/Expansion1/Platforms/Windows/BLPs/terrain/TerrainMaterialSet_Base.blp
[2018-09-22 22:37:38]	 Unloading Package: ../../../DLC/Expansion1/Platforms/Windows/BLPs/terrain/TerrainAssetSet_Base.blp
[2018-09-22 22:37:38]	 Unloading Package: ../../../DLC/Expansion1/Platforms/Windows/BLPs/terrain/TerrainElementSet_Base.blp
