[2018-09-22 22:36:17]	Enumerating device: NVIDIA GeForce GTX 1060
[2018-09-22 22:36:19]	Enumerating device: Intel(R) UHD Graphics 630
[2018-09-22 22:36:19]	Enumerating device: Microsoft Basic Render Driver
[2018-09-22 22:36:19]	
**3 supported devices found***
[2018-09-22 22:36:19]	   Device 0 (DXGI index 0) ID: 7200:  NVIDIA GeForce GTX 1060
[2018-09-22 22:36:19]	   Device 1 (DXGI index 1) ID: 16027:  Intel(R) UHD Graphics 630
[2018-09-22 22:36:19]	   Device 2 (DXGI index 2) ID: 140:  Microsoft Basic Render Driver
[2018-09-22 22:36:23]	AppHost::UpdateMonitorInfo(): Monitor information:
	MONITORINFO.rcMonitor = (left: 0, top: 0, right: 1920, bottom: 1080)
	MONITORINFO.rcWork = (left: 0, top: 0, right: 1920, bottom: 1030)
	MONITORINFO.dwFlags = MONITORINFOF_PRIMARY
[2018-09-22 22:36:27]	Selected GPU device:
    Device: NVIDIA GeForce GTX 1060
    DeviceID: 1c20
    SubsystemId: 85001558
    RevisionId: a1
    Driver Version: 23.21.0013.8904
    DedicatedVidMem: 2060451840
    DedicatedSysMem: 0
    SharedMem: 4214935552
    Nodes: 1

[2018-09-22 22:36:27]	Physical system memory size: 16.00GB
[2018-09-22 22:36:27]	Logical processor count: 12
[2018-09-22 22:36:27]	IsLaptopOrTablet: 1
[2018-09-22 22:36:27]	Windows version is: 10.0.17134.1 

[2018-09-22 22:36:30]	Renderer::SetScreenMode(): Called with
	Resolution = (1920 x 1080)
	RefreshRate = (60 / 1)
	MSAA Sample Count = 1
	MSAA Quality Level = 0
	Fullscreen = 0.
[2018-09-22 22:36:30]	Using copy queue
[2018-09-22 22:36:30]	Using compute queue
[2018-09-22 22:36:31]	Renderer::SetScreenMode(): Called with
	Resolution = (1920 x 1080)
	RefreshRate = (60 / 1)
	MSAA Sample Count = 1
	MSAA Quality Level = 0
	Fullscreen = 0.
[2018-09-22 22:36:31]	Creating SwapChain
[2018-09-22 22:36:31]	Shader Package: 0.  Method: 0.  4 PSOs
[2018-09-22 22:36:31]	Shader Package: 0.  Method: 1.  4 PSOs
[2018-09-22 22:36:31]	Shader Package: 0.  Method: 2.  4 PSOs
[2018-09-22 22:36:31]	Shader Package: 1.  Method: 0.  4 PSOs
[2018-09-22 22:36:31]	Shader Package: 1.  Method: 1.  4 PSOs
[2018-09-22 22:36:31]	Shader Package: 1.  Method: 2.  4 PSOs
[2018-09-22 22:36:31]	Shader Package: 1.  Method: 3.  4 PSOs
[2018-09-22 22:36:31]	Shader Package: 2.  Method: 0.  4 PSOs
[2018-09-22 22:36:31]	Shader Package: 2.  Method: 1.  32 PSOs
[2018-09-22 22:36:31]	Shader Package: 2.  Method: 2.  32 PSOs
[2018-09-22 22:36:31]	Shader Package: 2.  Method: 3.  32 PSOs
[2018-09-22 22:36:31]	Shader Package: 2.  Method: 4.  32 PSOs
[2018-09-22 22:36:31]	Shader Package: 2.  Method: 5.  32 PSOs
[2018-09-22 22:36:31]	Shader Package: 2.  Method: 6.  32 PSOs
[2018-09-22 22:36:31]	Shader Package: 2.  Method: 7.  32 PSOs
[2018-09-22 22:36:31]	Shader Package: 2.  Method: 8.  32 PSOs
[2018-09-22 22:36:31]	Shader Package: 2.  Method: 9.  32 PSOs
[2018-09-22 22:36:31]	Shader Package: 3.  Method: 0.  4 PSOs
[2018-09-22 22:36:31]	Shader Package: 3.  Method: 1.  32 PSOs
[2018-09-22 22:36:31]	Shader Package: 3.  Method: 2.  32 PSOs
[2018-09-22 22:36:31]	Shader Package: 3.  Method: 3.  32 PSOs
[2018-09-22 22:36:31]	Shader Package: 3.  Method: 4.  32 PSOs
[2018-09-22 22:36:31]	Shader Package: 3.  Method: 5.  32 PSOs
[2018-09-22 22:36:31]	Shader Package: 3.  Method: 6.  32 PSOs
[2018-09-22 22:36:31]	Shader Package: 3.  Method: 7.  32 PSOs
[2018-09-22 22:36:31]	Shader Package: 3.  Method: 8.  32 PSOs
[2018-09-22 22:36:31]	Shader Package: 3.  Method: 9.  32 PSOs
[2018-09-22 22:36:31]	Shader Package: 4.  Method: 0.  4 PSOs
[2018-09-22 22:36:31]	Shader Package: 4.  Method: 1.  32 PSOs
[2018-09-22 22:36:31]	Shader Package: 4.  Method: 2.  32 PSOs
[2018-09-22 22:36:31]	Shader Package: 4.  Method: 3.  32 PSOs
[2018-09-22 22:36:31]	Shader Package: 4.  Method: 4.  32 PSOs
[2018-09-22 22:36:31]	Shader Package: 4.  Method: 5.  32 PSOs
[2018-09-22 22:36:31]	Shader Package: 4.  Method: 6.  32 PSOs
[2018-09-22 22:36:31]	Shader Package: 4.  Method: 7.  32 PSOs
[2018-09-22 22:36:31]	Shader Package: 4.  Method: 8.  32 PSOs
[2018-09-22 22:36:31]	Shader Package: 4.  Method: 9.  32 PSOs
[2018-09-22 22:36:31]	Shader Package: 5.  Method: 0.  4 PSOs
[2018-09-22 22:36:31]	Shader Package: 5.  Method: 1.  32 PSOs
[2018-09-22 22:36:31]	Shader Package: 5.  Method: 2.  32 PSOs
[2018-09-22 22:36:31]	Shader Package: 5.  Method: 3.  32 PSOs
[2018-09-22 22:36:31]	Shader Package: 5.  Method: 4.  32 PSOs
[2018-09-22 22:36:31]	Shader Package: 5.  Method: 5.  32 PSOs
[2018-09-22 22:36:31]	Shader Package: 5.  Method: 6.  32 PSOs
[2018-09-22 22:36:31]	Shader Package: 5.  Method: 7.  32 PSOs
[2018-09-22 22:36:31]	Shader Package: 5.  Method: 8.  32 PSOs
[2018-09-22 22:36:31]	Shader Package: 5.  Method: 9.  32 PSOs
[2018-09-22 22:36:31]	Shader Package: 6.  Method: 0.  4 PSOs
[2018-09-22 22:36:31]	Shader Package: 6.  Method: 1.  32 PSOs
[2018-09-22 22:36:31]	Shader Package: 6.  Method: 2.  32 PSOs
[2018-09-22 22:36:31]	Shader Package: 6.  Method: 3.  32 PSOs
[2018-09-22 22:36:31]	Shader Package: 6.  Method: 4.  32 PSOs
[2018-09-22 22:36:31]	Shader Package: 6.  Method: 5.  32 PSOs
[2018-09-22 22:36:31]	Shader Package: 6.  Method: 6.  32 PSOs
[2018-09-22 22:36:31]	Shader Package: 6.  Method: 7.  32 PSOs
[2018-09-22 22:36:31]	Shader Package: 6.  Method: 8.  32 PSOs
[2018-09-22 22:36:31]	Shader Package: 6.  Method: 9.  32 PSOs
[2018-09-22 22:36:31]	Shader Package: 7.  Method: 0.  4 PSOs
[2018-09-22 22:36:31]	Shader Package: 7.  Method: 1.  4 PSOs
[2018-09-22 22:36:31]	Shader Package: 7.  Method: 2.  4 PSOs
[2018-09-22 22:36:31]	Shader Package: 7.  Method: 3.  4 PSOs
[2018-09-22 22:36:31]	Shader Package: 7.  Method: 4.  4 PSOs
[2018-09-22 22:36:31]	Shader Package: 7.  Method: 5.  4 PSOs
[2018-09-22 22:36:31]	Shader Package: 7.  Method: 6.  4 PSOs
[2018-09-22 22:36:31]	Shader Package: 7.  Method: 7.  4 PSOs
[2018-09-22 22:36:31]	Shader Package: 7.  Method: 8.  4 PSOs
[2018-09-22 22:36:31]	Shader Package: 8.  Method: 0.  4 PSOs
[2018-09-22 22:36:31]	Shader Package: 9.  Method: 0.  4 PSOs
[2018-09-22 22:36:31]	Shader Package: 9.  Method: 1.  4 PSOs
[2018-09-22 22:36:31]	Shader Package: 9.  Method: 2.  4 PSOs
[2018-09-22 22:36:31]	Shader Package: 9.  Method: 3.  4 PSOs
[2018-09-22 22:36:31]	Shader Package: 9.  Method: 4.  4 PSOs
[2018-09-22 22:36:31]	Shader Package: 9.  Method: 5.  4 PSOs
[2018-09-22 22:36:31]	Shader Package: 9.  Method: 6.  4 PSOs
[2018-09-22 22:36:31]	Shader Package: 9.  Method: 7.  4 PSOs
[2018-09-22 22:36:31]	Shader Package: 9.  Method: 8.  4 PSOs
[2018-09-22 22:36:31]	Shader Package: 9.  Method: 9.  4 PSOs
[2018-09-22 22:36:31]	Shader Package: 9.  Method: 10.  4 PSOs
[2018-09-22 22:36:31]	Shader Package: 9.  Method: 11.  4 PSOs
[2018-09-22 22:36:31]	Shader Package: 10.  Method: 0.  4 PSOs
[2018-09-22 22:36:31]	Shader Package: 10.  Method: 1.  4 PSOs
[2018-09-22 22:36:31]	Shader Package: 10.  Method: 2.  4 PSOs
[2018-09-22 22:36:31]	Shader Package: 11.  Method: 0.  4 PSOs
[2018-09-22 22:36:31]	Shader Package: 11.  Method: 1.  4 PSOs
[2018-09-22 22:36:31]	Shader Package: 11.  Method: 2.  4 PSOs
[2018-09-22 22:36:31]	Shader Package: 11.  Method: 3.  8 PSOs
[2018-09-22 22:36:31]	Shader Package: 11.  Method: 4.  4 PSOs
[2018-09-22 22:36:31]	Shader Package: 11.  Method: 5.  8 PSOs
[2018-09-22 22:36:31]	Shader Package: 12.  Method: 0.  40 PSOs
[2018-09-22 22:36:31]	Shader Package: 12.  Method: 1.  40 PSOs
[2018-09-22 22:36:31]	Shader Package: 12.  Method: 2.  40 PSOs
[2018-09-22 22:36:31]	Shader Package: 12.  Method: 3.  40 PSOs
[2018-09-22 22:36:31]	Shader Package: 12.  Method: 4.  40 PSOs
[2018-09-22 22:36:31]	Shader Package: 12.  Method: 5.  40 PSOs
[2018-09-22 22:36:31]	Shader Package: 12.  Method: 6.  40 PSOs
[2018-09-22 22:36:31]	Shader Package: 12.  Method: 7.  40 PSOs
[2018-09-22 22:36:31]	Shader Package: 12.  Method: 8.  40 PSOs
[2018-09-22 22:36:31]	Shader Package: 12.  Method: 9.  40 PSOs
[2018-09-22 22:36:31]	Shader Package: 12.  Method: 10.  40 PSOs
[2018-09-22 22:36:31]	Shader Package: 12.  Method: 11.  40 PSOs
[2018-09-22 22:36:31]	Shader Package: 12.  Method: 12.  40 PSOs
[2018-09-22 22:36:31]	Shader Package: 12.  Method: 13.  40 PSOs
[2018-09-22 22:36:31]	Shader Package: 12.  Method: 14.  40 PSOs
[2018-09-22 22:36:31]	Shader Package: 12.  Method: 15.  40 PSOs
[2018-09-22 22:36:31]	Shader Package: 12.  Method: 16.  40 PSOs
[2018-09-22 22:36:31]	Shader Package: 12.  Method: 17.  40 PSOs
[2018-09-22 22:36:31]	Shader Package: 12.  Method: 18.  20 PSOs
[2018-09-22 22:36:31]	Shader Package: 12.  Method: 19.  40 PSOs
[2018-09-22 22:36:31]	Shader Package: 12.  Method: 20.  20 PSOs
[2018-09-22 22:36:31]	Shader Package: 13.  Method: 0.  16 PSOs
[2018-09-22 22:36:31]	Shader Package: 14.  Method: 0.  24 PSOs
[2018-09-22 22:36:31]	Shader Package: 15.  Method: 0.  4 PSOs
[2018-09-22 22:36:31]	Shader Package: 16.  Method: 0.  24 PSOs
[2018-09-22 22:36:31]	Shader Package: 16.  Method: 1.  24 PSOs
[2018-09-22 22:36:31]	Shader Package: 16.  Method: 2.  24 PSOs
[2018-09-22 22:36:31]	Shader Package: 16.  Method: 3.  24 PSOs
[2018-09-22 22:36:31]	Shader Package: 17.  Method: 0.  24 PSOs
[2018-09-22 22:36:31]	Shader Package: 17.  Method: 1.  24 PSOs
[2018-09-22 22:36:31]	Shader Package: 18.  Method: 0.  4 PSOs
[2018-09-22 22:36:31]	Shader Package: 18.  Method: 1.  4 PSOs
[2018-09-22 22:36:31]	Shader Package: 18.  Method: 2.  4 PSOs
[2018-09-22 22:36:31]	Shader Package: 18.  Method: 3.  4 PSOs
[2018-09-22 22:36:31]	Shader Package: 19.  Method: 0.  4 PSOs
[2018-09-22 22:36:31]	Shader Package: 20.  Method: 0.  16 PSOs
[2018-09-22 22:36:31]	Shader Package: 20.  Method: 1.  8 PSOs
[2018-09-22 22:36:31]	Shader Package: 20.  Method: 2.  16 PSOs
[2018-09-22 22:36:31]	Shader Package: 20.  Method: 3.  8 PSOs
[2018-09-22 22:36:31]	Shader Package: 20.  Method: 4.  16 PSOs
[2018-09-22 22:36:31]	Shader Package: 20.  Method: 5.  16 PSOs
[2018-09-22 22:36:31]	Shader Package: 20.  Method: 6.  8 PSOs
[2018-09-22 22:36:31]	Shader Package: 21.  Method: 0.  16 PSOs
[2018-09-22 22:36:31]	Shader Package: 21.  Method: 1.  8 PSOs
[2018-09-22 22:36:31]	Shader Package: 21.  Method: 2.  16 PSOs
[2018-09-22 22:36:31]	Shader Package: 21.  Method: 3.  8 PSOs
[2018-09-22 22:36:31]	Shader Package: 21.  Method: 4.  16 PSOs
[2018-09-22 22:36:31]	Shader Package: 21.  Method: 5.  16 PSOs
[2018-09-22 22:36:31]	Shader Package: 21.  Method: 6.  8 PSOs
[2018-09-22 22:36:31]	Shader Package: 22.  Method: 0.  24 PSOs
[2018-09-22 22:36:31]	Shader Package: 23.  Method: 0.  4 PSOs
[2018-09-22 22:36:31]	Shader Package: 23.  Method: 1.  4 PSOs
[2018-09-22 22:36:31]	Shader Package: 24.  Method: 0.  4 PSOs
[2018-09-22 22:36:31]	Shader Package: 24.  Method: 1.  4 PSOs
[2018-09-22 22:36:31]	Shader Package: 24.  Method: 2.  4 PSOs
[2018-09-22 22:36:31]	Shader Package: 24.  Method: 3.  4 PSOs
[2018-09-22 22:36:31]	Shader Package: 24.  Method: 4.  4 PSOs
[2018-09-22 22:36:31]	Shader Package: 24.  Method: 5.  4 PSOs
[2018-09-22 22:36:31]	Shader Package: 24.  Method: 6.  4 PSOs
[2018-09-22 22:36:31]	Shader Package: 24.  Method: 7.  4 PSOs
[2018-09-22 22:36:31]	Shader Package: 24.  Method: 8.  4 PSOs
[2018-09-22 22:36:31]	Shader Package: 24.  Method: 9.  4 PSOs
[2018-09-22 22:36:31]	Shader Package: 24.  Method: 10.  4 PSOs
[2018-09-22 22:36:31]	Shader Package: 24.  Method: 11.  4 PSOs
[2018-09-22 22:36:31]	Shader Package: 24.  Method: 12.  4 PSOs
[2018-09-22 22:36:31]	Shader Package: 24.  Method: 13.  4 PSOs
[2018-09-22 22:36:31]	Shader Package: 24.  Method: 14.  4 PSOs
[2018-09-22 22:36:31]	Shader Package: 24.  Method: 15.  4 PSOs
[2018-09-22 22:36:31]	Shader Package: 24.  Method: 16.  4 PSOs
[2018-09-22 22:36:31]	Shader Package: 24.  Method: 17.  4 PSOs
[2018-09-22 22:36:31]	Shader Package: 24.  Method: 18.  4 PSOs
[2018-09-22 22:36:31]	Shader Package: 24.  Method: 19.  4 PSOs
[2018-09-22 22:36:31]	Shader Package: 24.  Method: 20.  4 PSOs
[2018-09-22 22:36:31]	Shader Package: 24.  Method: 21.  4 PSOs
[2018-09-22 22:36:31]	Shader Package: 24.  Method: 22.  4 PSOs
[2018-09-22 22:36:31]	Shader Package: 24.  Method: 23.  4 PSOs
[2018-09-22 22:36:31]	Shader Package: 24.  Method: 24.  4 PSOs
[2018-09-22 22:36:31]	Shader Package: 24.  Method: 25.  4 PSOs
[2018-09-22 22:36:31]	Shader Package: 24.  Method: 26.  8 PSOs
[2018-09-22 22:36:31]	Shader Package: 24.  Method: 27.  4 PSOs
[2018-09-22 22:36:31]	Shader Package: 24.  Method: 28.  8 PSOs
[2018-09-22 22:36:31]	Shader Package: 24.  Method: 29.  8 PSOs
[2018-09-22 22:36:31]	Shader Package: 24.  Method: 30.  8 PSOs
[2018-09-22 22:36:31]	Shader Package: 24.  Method: 31.  8 PSOs
[2018-09-22 22:36:31]	Shader Package: 24.  Method: 32.  4 PSOs
[2018-09-22 22:36:31]	Shader Package: 24.  Method: 33.  4 PSOs
[2018-09-22 22:36:31]	Shader Package: 25.  Method: 0.  4 PSOs
[2018-09-22 22:36:31]	Shader Package: 25.  Method: 1.  4 PSOs
[2018-09-22 22:36:31]	Shader Package: 26.  Method: 0.  12 PSOs
[2018-09-22 22:36:31]	Shader Package: 27.  Method: 0.  12 PSOs
[2018-09-22 22:36:31]	Shader Package: 28.  Method: 0.  12 PSOs
[2018-09-22 22:36:31]	Shader Package: 28.  Method: 1.  12 PSOs
[2018-09-22 22:36:31]	Shader Package: 28.  Method: 2.  12 PSOs
[2018-09-22 22:36:31]	Shader Package: 28.  Method: 3.  12 PSOs
[2018-09-22 22:36:31]	Shader Package: 28.  Method: 4.  12 PSOs
[2018-09-22 22:36:31]	Shader Package: 29.  Method: 0.  12 PSOs
[2018-09-22 22:36:31]	Shader Package: 30.  Method: 0.  12 PSOs
[2018-09-22 22:36:31]	Shader Package: 31.  Method: 0.  12 PSOs
[2018-09-22 22:36:31]	Shader Package: 32.  Method: 0.  12 PSOs
[2018-09-22 22:36:31]	Shader Package: 33.  Method: 0.  12 PSOs
[2018-09-22 22:36:31]	Shader Package: 34.  Method: 0.  16 PSOs
[2018-09-22 22:36:31]	Shader Package: 34.  Method: 1.  16 PSOs
[2018-09-22 22:36:31]	Shader Package: 35.  Method: 0.  4 PSOs
[2018-09-22 22:36:31]	Shader Package: 35.  Method: 1.  4 PSOs
[2018-09-22 22:36:31]	Shader Package: 35.  Method: 2.  4 PSOs
[2018-09-22 22:36:31]	Shader Package: 36.  Method: 0.  4 PSOs
[2018-09-22 22:36:31]	Shader Package: 36.  Method: 1.  4 PSOs
[2018-09-22 22:36:31]	Shader Package: 36.  Method: 2.  4 PSOs
[2018-09-22 22:36:31]	Shader Package: 37.  Method: 0.  32 PSOs
[2018-09-22 22:36:31]	Shader Package: 37.  Method: 1.  32 PSOs
[2018-09-22 22:36:31]	Shader Package: 38.  Method: 0.  32 PSOs
[2018-09-22 22:36:31]	Shader Package: 38.  Method: 1.  32 PSOs
[2018-09-22 22:36:31]	Shader Package: 38.  Method: 2.  8 PSOs
[2018-09-22 22:36:31]	Shader Package: 38.  Method: 3.  8 PSOs
[2018-09-22 22:36:31]	Shader Package: 38.  Method: 4.  8 PSOs
[2018-09-22 22:36:31]	Shader Package: 38.  Method: 5.  4 PSOs
[2018-09-22 22:36:31]	Shader Package: 38.  Method: 6.  4 PSOs
[2018-09-22 22:36:31]	Shader Package: 38.  Method: 7.  4 PSOs
[2018-09-22 22:36:31]	Shader Package: 39.  Method: 0.  32 PSOs
[2018-09-22 22:36:31]	Shader Package: 39.  Method: 1.  32 PSOs
[2018-09-22 22:36:31]	Shader Package: 40.  Method: 0.  32 PSOs
[2018-09-22 22:36:31]	Shader Package: 40.  Method: 1.  32 PSOs
[2018-09-22 22:36:31]	Shader Package: 40.  Method: 2.  8 PSOs
[2018-09-22 22:36:31]	Shader Package: 40.  Method: 3.  8 PSOs
[2018-09-22 22:36:31]	Shader Package: 40.  Method: 4.  8 PSOs
[2018-09-22 22:36:31]	Shader Package: 40.  Method: 5.  4 PSOs
[2018-09-22 22:36:31]	Shader Package: 40.  Method: 6.  4 PSOs
[2018-09-22 22:36:31]	Shader Package: 40.  Method: 7.  4 PSOs
[2018-09-22 22:36:31]	Shader Package: 41.  Method: 0.  16 PSOs
[2018-09-22 22:36:31]	Shader Package: 42.  Method: 0.  24 PSOs
[2018-09-22 22:36:31]	Shader Package: 42.  Method: 1.  24 PSOs
[2018-09-22 22:36:31]	Shader Package: 42.  Method: 2.  24 PSOs
[2018-09-22 22:36:31]	Shader Package: 42.  Method: 3.  24 PSOs
[2018-09-22 22:36:31]	Shader Package: 43.  Method: 0.  24 PSOs
[2018-09-22 22:36:31]	Shader Package: 43.  Method: 1.  16 PSOs
[2018-09-22 22:36:31]	Shader Package: 44.  Method: 0.  24 PSOs
[2018-09-22 22:36:31]	Shader Package: 44.  Method: 1.  16 PSOs
[2018-09-22 22:36:31]	Shader Package: 45.  Method: 0.  24 PSOs
[2018-09-22 22:36:31]	Shader Package: 45.  Method: 1.  16 PSOs
[2018-09-22 22:36:31]	Shader Package: 46.  Method: 0.  24 PSOs
[2018-09-22 22:36:31]	Shader Package: 46.  Method: 1.  16 PSOs
[2018-09-22 22:36:31]	Shader Package: 47.  Method: 0.  24 PSOs
[2018-09-22 22:36:31]	Shader Package: 47.  Method: 1.  16 PSOs
[2018-09-22 22:36:31]	Shader Package: 48.  Method: 0.  24 PSOs
[2018-09-22 22:36:31]	Shader Package: 48.  Method: 1.  16 PSOs
[2018-09-22 22:36:31]	Shader Package: 49.  Method: 0.  24 PSOs
[2018-09-22 22:36:31]	Shader Package: 49.  Method: 1.  16 PSOs
[2018-09-22 22:36:31]	Shader Package: 50.  Method: 0.  24 PSOs
[2018-09-22 22:36:31]	Shader Package: 50.  Method: 1.  16 PSOs
[2018-09-22 22:36:31]	Shader Package: 51.  Method: 0.  24 PSOs
[2018-09-22 22:36:31]	Shader Package: 51.  Method: 1.  16 PSOs
[2018-09-22 22:36:31]	Shader Package: 52.  Method: 0.  24 PSOs
[2018-09-22 22:36:31]	Shader Package: 52.  Method: 1.  16 PSOs
[2018-09-22 22:36:31]	Shader Package: 53.  Method: 0.  24 PSOs
[2018-09-22 22:36:31]	Shader Package: 53.  Method: 1.  16 PSOs
[2018-09-22 22:36:31]	Shader Package: 54.  Method: 0.  24 PSOs
[2018-09-22 22:36:31]	Shader Package: 54.  Method: 1.  16 PSOs
[2018-09-22 22:36:31]	Shader Package: 55.  Method: 0.  24 PSOs
[2018-09-22 22:36:31]	Shader Package: 55.  Method: 1.  16 PSOs
[2018-09-22 22:36:31]	Shader Package: 56.  Method: 0.  24 PSOs
[2018-09-22 22:36:31]	Shader Package: 56.  Method: 1.  16 PSOs
[2018-09-22 22:36:31]	Shader Package: 57.  Method: 0.  16 PSOs
[2018-09-22 22:36:31]	Shader Package: 57.  Method: 1.  8 PSOs
[2018-09-22 22:36:31]	Shader Package: 57.  Method: 2.  16 PSOs
[2018-09-22 22:36:31]	Shader Package: 57.  Method: 3.  8 PSOs
[2018-09-22 22:36:31]	Shader Package: 58.  Method: 0.  16 PSOs
[2018-09-22 22:36:31]	Shader Package: 58.  Method: 1.  8 PSOs
[2018-09-22 22:36:31]	Shader Package: 58.  Method: 2.  16 PSOs
[2018-09-22 22:36:31]	Shader Package: 58.  Method: 3.  8 PSOs
[2018-09-22 22:36:31]	Shader Package: 59.  Method: 0.  16 PSOs
[2018-09-22 22:36:31]	Shader Package: 59.  Method: 1.  8 PSOs
[2018-09-22 22:36:31]	Shader Package: 59.  Method: 2.  16 PSOs
[2018-09-22 22:36:31]	Shader Package: 59.  Method: 3.  8 PSOs
[2018-09-22 22:36:31]	Shader Package: 60.  Method: 0.  12 PSOs
[2018-09-22 22:36:31]	Shader Package: 61.  Method: 0.  16 PSOs
[2018-09-22 22:36:31]	Shader Package: 62.  Method: 0.  16 PSOs
[2018-09-22 22:36:31]	Shader Package: 62.  Method: 1.  16 PSOs
[2018-09-22 22:36:31]	Shader Package: 63.  Method: 0.  24 PSOs
[2018-09-22 22:36:31]	Shader Package: 64.  Method: 0.  16 PSOs
[2018-09-22 22:36:31]	Shader Package: 64.  Method: 1.  16 PSOs
[2018-09-22 22:36:31]	Shader Package: 64.  Method: 2.  16 PSOs
[2018-09-22 22:36:31]	Shader Package: 64.  Method: 3.  16 PSOs
[2018-09-22 22:36:31]	Shader Package: 64.  Method: 4.  16 PSOs
[2018-09-22 22:36:31]	Shader Package: 65.  Method: 0.  4 PSOs
[2018-09-22 22:36:31]	Shader Package: 65.  Method: 1.  4 PSOs
[2018-09-22 22:36:31]	Shader Package: 65.  Method: 2.  4 PSOs
[2018-09-22 22:36:31]	Shader Package: 65.  Method: 3.  4 PSOs
[2018-09-22 22:36:31]	Shader Package: 66.  Method: 0.  16 PSOs
[2018-09-22 22:36:31]	Shader Package: 67.  Method: 0.  4 PSOs
[2018-09-22 22:36:31]	Shader Package: 67.  Method: 1.  4 PSOs
[2018-09-22 22:36:31]	Shader Package: 67.  Method: 2.  4 PSOs
[2018-09-22 22:36:31]	Shader Package: 67.  Method: 3.  4 PSOs
[2018-09-22 22:36:31]	Shader Package: 67.  Method: 4.  4 PSOs
[2018-09-22 22:36:31]	Shader Package: 67.  Method: 5.  4 PSOs
[2018-09-22 22:36:31]	Shader Package: 67.  Method: 6.  4 PSOs
[2018-09-22 22:36:31]	Shader Package: 67.  Method: 7.  4 PSOs
[2018-09-22 22:36:31]	Shader Package: 67.  Method: 8.  4 PSOs
[2018-09-22 22:36:31]	Shader Package: 67.  Method: 9.  4 PSOs
[2018-09-22 22:36:31]	Shader Package: 67.  Method: 10.  8 PSOs
[2018-09-22 22:36:31]	Shader Package: 67.  Method: 11.  4 PSOs
[2018-09-22 22:36:31]	Shader Package: 67.  Method: 12.  4 PSOs
[2018-09-22 22:36:31]	Shader Package: 67.  Method: 13.  4 PSOs
[2018-09-22 22:36:31]	Shader Package: 68.  Method: 0.  4 PSOs
[2018-09-22 22:36:31]	Shader Package: 68.  Method: 1.  4 PSOs
[2018-09-22 22:36:31]	Shader Package: 68.  Method: 2.  4 PSOs
[2018-09-22 22:36:31]	Shader Package: 68.  Method: 3.  4 PSOs
[2018-09-22 22:36:31]	Shader Package: 68.  Method: 4.  4 PSOs
[2018-09-22 22:36:31]	Shader Package: 68.  Method: 5.  4 PSOs
[2018-09-22 22:36:31]	Shader Package: 68.  Method: 6.  4 PSOs
[2018-09-22 22:36:31]	Shader Package: 68.  Method: 7.  4 PSOs
[2018-09-22 22:36:31]	Shader Package: 68.  Method: 8.  4 PSOs
[2018-09-22 22:36:31]	Shader Package: 68.  Method: 9.  4 PSOs
[2018-09-22 22:36:31]	Shader Package: 69.  Method: 0.  4 PSOs
[2018-09-22 22:36:31]	Shader Package: 70.  Method: 0.  16 PSOs
[2018-09-22 22:36:31]	Shader Package: 70.  Method: 1.  16 PSOs
[2018-09-22 22:36:31]	Shader Package: 71.  Method: 0.  8 PSOs
[2018-09-22 22:36:31]	Shader Package: 72.  Method: 0.  8 PSOs
[2018-09-22 22:36:31]	Shader Package: 73.  Method: 0.  16 PSOs
[2018-09-22 22:36:31]	Shader Package: 73.  Method: 1.  16 PSOs
[2018-09-22 22:36:31]	Shader Package: 73.  Method: 2.  16 PSOs
[2018-09-22 22:36:31]	Shader Package: 73.  Method: 3.  16 PSOs
[2018-09-22 22:36:31]	Shader Package: 73.  Method: 4.  16 PSOs
[2018-09-22 22:36:31]	Shader Package: 73.  Method: 5.  16 PSOs
[2018-09-22 22:36:31]	Shader Package: 74.  Method: 0.  16 PSOs
[2018-09-22 22:36:31]	Shader Package: 74.  Method: 1.  16 PSOs
[2018-09-22 22:36:31]	Shader Package: 74.  Method: 2.  16 PSOs
[2018-09-22 22:36:31]	Shader Package: 74.  Method: 3.  16 PSOs
[2018-09-22 22:36:31]	Shader Package: 74.  Method: 4.  16 PSOs
[2018-09-22 22:36:31]	Shader Package: 75.  Method: 0.  16 PSOs
[2018-09-22 22:36:31]	Shader Package: 75.  Method: 1.  16 PSOs
[2018-09-22 22:36:31]	Shader Package: 75.  Method: 2.  16 PSOs
[2018-09-22 22:36:31]	Shader Package: 75.  Method: 3.  16 PSOs
[2018-09-22 22:36:31]	Shader Package: 75.  Method: 4.  16 PSOs
[2018-09-22 22:36:31]	Shader Package: 75.  Method: 5.  16 PSOs
[2018-09-22 22:36:31]	Shader Package: 76.  Method: 0.  8 PSOs
[2018-09-22 22:36:31]	Shader Package: 76.  Method: 1.  8 PSOs
[2018-09-22 22:36:31]	Shader Package: 77.  Method: 0.  8 PSOs
[2018-09-22 22:36:31]	Shader Package: 78.  Method: 0.  4 PSOs
[2018-09-22 22:36:31]	Shader Package: 78.  Method: 1.  4 PSOs
[2018-09-22 22:36:31]	Shader Package: 78.  Method: 2.  4 PSOs
[2018-09-22 22:36:31]	Shader Package: 79.  Method: 0.  4 PSOs
[2018-09-22 22:36:31]	Shader Package: 79.  Method: 1.  4 PSOs
[2018-09-22 22:36:31]	Shader Package: 79.  Method: 2.  4 PSOs
[2018-09-22 22:36:31]	Shader Package: 79.  Method: 3.  4 PSOs
[2018-09-22 22:36:31]	Shader Package: 80.  Method: 0.  4 PSOs
[2018-09-22 22:36:31]	Shader Package: 80.  Method: 1.  4 PSOs
[2018-09-22 22:36:31]	Shader Package: 80.  Method: 2.  4 PSOs
[2018-09-22 22:36:31]	Shader Package: 80.  Method: 3.  4 PSOs
[2018-09-22 22:36:31]	Shader Package: 80.  Method: 4.  4 PSOs
[2018-09-22 22:36:31]	PSO creation took 0.269223 seconds
[2018-09-22 22:36:32]	IncFrame:1

[2018-09-22 22:36:39]	IncFrame:2

[2018-09-22 22:36:39]	IncFrame:3

[2018-09-22 22:36:39]	IncFrame:4

[2018-09-22 22:36:39]	IncFrame:5

[2018-09-22 22:36:39]	IncFrame:6

[2018-09-22 22:36:39]	IncFrame:7

[2018-09-22 22:36:39]	IncFrame:8

[2018-09-22 22:36:39]	IncFrame:9

[2018-09-22 22:36:39]	IncFrame:10

[2018-09-22 22:36:39]	IncFrame:11

[2018-09-22 22:36:39]	IncFrame:12

[2018-09-22 22:36:39]	IncFrame:13

[2018-09-22 22:36:39]	IncFrame:14

[2018-09-22 22:36:39]	IncFrame:15

[2018-09-22 22:37:29]	AppHost::WndProcEx(): Window change detected, resizing buffers...
[2018-09-22 22:37:38]	Destroying SwapChain
[2018-09-22 22:37:38]	ReleaseAdaptersAndDevices():  Device refcount is: 46
[2018-09-22 22:37:38]	ReleaseAdaptersAndDevices():  Adapter refcount is: 4
[2018-09-22 22:37:38]	ReleaseAdaptersAndDevices():  Device refcount is: 46
[2018-09-22 22:37:38]	ReleaseAdaptersAndDevices():  Adapter refcount is: 4
