[2018-09-22 22:36:17]	 Civ6App::InitialInit start.
[2018-09-22 22:36:17]	 Running SetupErrorHandling() ...
[2018-09-22 22:36:17]	 Running DoGraphicsDeviceSelection() ...
[2018-09-22 22:36:19]	 Selected graphics device is: NVIDIA GeForce GTX 1060.  Device ID: 7200.  Index: 0
[2018-09-22 22:36:19]	 Running RegisterEvents() ...
[2018-09-22 22:36:19]	 Running SetupNetworkLobbyService() ...
[2018-09-22 22:36:19]	 SetupNetworkLobbyService()
[2018-09-22 22:36:19]	 Running SetupMemoryTracker() ...
[2018-09-22 22:36:19]	 Running SetupFileSystem() ...
[2018-09-22 22:36:19]	 Running SetupLogging() ...
[2018-09-22 22:36:19]	 Running SetupDedicatedServer() ...
[2018-09-22 22:36:19]	 Running SetupNetwork() ...
[2018-09-22 22:36:19]	 CommandLine = 
[2018-09-22 22:36:19]	 Running SetupDatabase() ...
[2018-09-22 22:36:23]	 Running SetupLocalization() ...
[2018-09-22 22:36:23]	 Running SetupOwnership() ...
[2018-09-22 22:36:23]	 Running GameCore::InitializeApplicationSupport() ...
[2018-09-22 22:36:23]	 Civ6App::InitialInit end.
[2018-09-22 22:36:23]	 Civ6App::GUIInit start.
[2018-09-22 22:36:23]	 Running SetupGraphics() ...
[2018-09-22 22:36:30]	 Successfully determined Graphics Performance Level. Default graphics settings to medium.
[2018-09-22 22:36:31]	 Running SetupArtManager() ...
[2018-09-22 22:36:31]	 Running SetupUI() ...
[2018-09-22 22:36:32]	 Running SubscribeToEvents() ...
[2018-09-22 22:36:32]	 Running SetupGameStates() ...
[2018-09-22 22:36:32]	 Running SetupInput() ...
[2018-09-22 22:36:37]	 Starting search engine.
[2018-09-22 22:36:37]	 Setting up achievements.
[2018-09-22 22:36:37]	 Setting up scripting.
[2018-09-22 22:36:37]	 Setting up modding.
[2018-09-22 22:36:38]	 Running SetupTuner() ...
[2018-09-22 22:36:38]	 Setting up tuner.
[2018-09-22 22:36:38]	 Spawning async init job.
[2018-09-22 22:36:38]	 Civ6App::GUIInit end.
[2018-09-22 22:36:39]	 Running SetupAudio(uiSystemInitFlags) ...
[2018-09-22 22:36:39]	 Running Granny::Initialize() ...
[2018-09-22 22:36:39]	 Running SetupBinarySerialization() ...
Max size of g_EventSystemSerial's publish queue = 640
Max size of g_EventSystemGameCore's publish queue = 0
Max size of g_EventSystemLocalMachine's publish queue = 384
